# JRE version: OpenJDK Runtime Environment (7.0_79-b14) (build 1.7.0_79-b14)
# Java VM: OpenJDK 64-Bit Server VM (24.79-b02 mixed mode linux-amd64 compressed oops)
Heap
 PSYoungGen      total 308736K, used 13920K [0x00000007acc00000, 0x00000007c2900000, 0x0000000800000000)
  eden space 260096K, 0% used [0x00000007acc00000,0x00000007acc00000,0x00000007bca00000)
  from space 48640K, 28% used [0x00000007bca00000,0x00000007bd798020,0x00000007bf980000)
  to   space 44544K, 0% used [0x00000007bfd80000,0x00000007bfd80000,0x00000007c2900000)
 ParOldGen       total 170496K, used 61286K [0x0000000706400000, 0x0000000710a80000, 0x00000007acc00000)
  object space 170496K, 35% used [0x0000000706400000,0x0000000709fd9bb0,0x0000000710a80000)
 PSPermGen       total 21504K, used 5362K [0x00000006fbe00000, 0x00000006fd300000, 0x0000000706400000)
  object space 21504K, 24% used [0x00000006fbe00000,0x00000006fc33c808,0x00000006fd300000)
GC Heap History (10 events):
Event: 8.061 GC heap after
Heap after GC invocations=2 (full 0):
 PSYoungGen      total 75264K, used 640K [0x00000007acc00000, 0x00000007b1f80000, 0x0000000800000000)
  eden space 65024K, 0% used [0x00000007acc00000,0x00000007acc00000,0x00000007b0b80000)
  from space 10240K, 6% used [0x00000007b1580000,0x00000007b1620020,0x00000007b1f80000)
  to   space 10240K, 0% used [0x00000007b0b80000,0x00000007b0b80000,0x00000007b1580000)
 ParOldGen       total 170496K, used 8K [0x0000000706400000, 0x0000000710a80000, 0x00000007acc00000)
  object space 170496K, 0% used [0x0000000706400000,0x0000000706402000,0x0000000710a80000)
 PSPermGen       total 21504K, used 4757K [0x00000006fbe00000, 0x00000006fd300000, 0x0000000706400000)
  object space 21504K, 22% used [0x00000006fbe00000,0x00000006fc2a54f0,0x00000006fd300000)
}
Event: 9.415 GC heap before
{Heap before GC invocations=3 (full 0):
 PSYoungGen      total 75264K, used 65664K [0x00000007acc00000, 0x00000007b1f80000, 0x0000000800000000)
  eden space 65024K, 100% used [0x00000007acc00000,0x00000007b0b80000,0x00000007b0b80000)
  from space 10240K, 6% used [0x00000007b1580000,0x00000007b1620020,0x00000007b1f80000)
  to   space 10240K, 0% used [0x00000007b0b80000,0x00000007b0b80000,0x00000007b1580000)
 ParOldGen       total 170496K, used 8K [0x0000000706400000, 0x0000000710a80000, 0x00000007acc00000)
  object space 170496K, 0% used [0x0000000706400000,0x0000000706402000,0x0000000710a80000)
 PSPermGen       total 21504K, used 4831K [0x00000006fbe00000, 0x00000006fd300000, 0x0000000706400000)
  object space 21504K, 22% used [0x00000006fbe00000,0x00000006fc2b7d80,0x00000006fd300000)
Event: 9.516 GC heap after
Heap after GC invocations=3 (full 0):
 PSYoungGen      total 75264K, used 10224K [0x00000007acc00000, 0x00000007b5f00000, 0x0000000800000000)
  eden space 65024K, 0% used [0x00000007acc00000,0x00000007acc00000,0x00000007b0b80000)
  from space 10240K, 99% used [0x00000007b0b80000,0x00000007b157c2d8,0x00000007b1580000)
  to   space 10240K, 0% used [0x00000007b5500000,0x00000007b5500000,0x00000007b5f00000)
 ParOldGen       total 170496K, used 14133K [0x0000000706400000, 0x0000000710a80000, 0x00000007acc00000)
  object space 170496K, 8% used [0x0000000706400000,0x00000007071cd590,0x0000000710a80000)
 PSPermGen       total 21504K, used 4831K [0x00000006fbe00000, 0x00000006fd300000, 0x0000000706400000)
  object space 21504K, 22% used [0x00000006fbe00000,0x00000006fc2b7d80,0x00000006fd300000)
}
Event: 56.608 GC heap before
{Heap before GC invocations=4 (full 0):
 PSYoungGen      total 75264K, used 75248K [0x00000007acc00000, 0x00000007b5f00000, 0x0000000800000000)
  eden space 65024K, 100% used [0x00000007acc00000,0x00000007b0b80000,0x00000007b0b80000)
  from space 10240K, 99% used [0x00000007b0b80000,0x00000007b157c2d8,0x00000007b1580000)
  to   space 10240K, 0% used [0x00000007b5500000,0x00000007b5500000,0x00000007b5f00000)
 ParOldGen       total 170496K, used 14133K [0x0000000706400000, 0x0000000710a80000, 0x00000007acc00000)
  object space 170496K, 8% used [0x0000000706400000,0x00000007071cd590,0x0000000710a80000)
 PSPermGen       total 21504K, used 5333K [0x00000006fbe00000, 0x00000006fd300000, 0x0000000706400000)
  object space 21504K, 24% used [0x00000006fbe00000,0x00000006fc335670,0x00000006fd300000)
Event: 56.980 GC heap after
Heap after GC invocations=4 (full 0):
 PSYoungGen      total 140288K, used 10208K [0x00000007acc00000, 0x00000007b5f00000, 0x0000000800000000)
  eden space 130048K, 0% used [0x00000007acc00000,0x00000007acc00000,0x00000007b4b00000)
  from space 10240K, 99% used [0x00000007b5500000,0x00000007b5ef82d8,0x00000007b5f00000)
  to   space 10240K, 0% used [0x00000007b4b00000,0x00000007b4b00000,0x00000007b5500000)
 ParOldGen       total 170496K, used 58418K [0x0000000706400000, 0x0000000710a80000, 0x00000007acc00000)
  object space 170496K, 34% used [0x0000000706400000,0x0000000709d0c888,0x0000000710a80000)
 PSPermGen       total 21504K, used 5333K [0x00000006fbe00000, 0x00000006fd300000, 0x0000000706400000)
  object space 21504K, 24% used [0x00000006fbe00000,0x00000006fc335670,0x00000006fd300000)
}
Event: 60.324 GC heap before
{Heap before GC invocations=5 (full 0):
 PSYoungGen      total 140288K, used 140256K [0x00000007acc00000, 0x00000007b5f00000, 0x0000000800000000)
  eden space 130048K, 100% used [0x00000007acc00000,0x00000007b4b00000,0x00000007b4b00000)
  from space 10240K, 99% used [0x00000007b5500000,0x00000007b5ef82d8,0x00000007b5f00000)
  to   space 10240K, 0% used [0x00000007b4b00000,0x00000007b4b00000,0x00000007b5500000)
 ParOldGen       total 170496K, used 58418K [0x0000000706400000, 0x0000000710a80000, 0x00000007acc00000)
  object space 170496K, 34% used [0x0000000706400000,0x0000000709d0c888,0x0000000710a80000)
 PSPermGen       total 21504K, used 5360K [0x00000006fbe00000, 0x00000006fd300000, 0x0000000706400000)
  object space 21504K, 24% used [0x00000006fbe00000,0x00000006fc33c1f0,0x00000006fd300000)
Event: 60.441 GC heap after
Heap after GC invocations=5 (full 0):
 PSYoungGen      total 140288K, used 10224K [0x00000007acc00000, 0x00000007c3100000, 0x0000000800000000)
  eden space 130048K, 0% used [0x00000007acc00000,0x00000007acc00000,0x00000007b4b00000)
  from space 10240K, 99% used [0x00000007b4b00000,0x00000007b54fc040,0x00000007b5500000)
  to   space 52736K, 0% used [0x00000007bfd80000,0x00000007bfd80000,0x00000007c3100000)
 ParOldGen       total 170496K, used 60746K [0x0000000706400000, 0x0000000710a80000, 0x00000007acc00000)
  object space 170496K, 35% used [0x0000000706400000,0x0000000709f52888,0x0000000710a80000)
 PSPermGen       total 21504K, used 5360K [0x00000006fbe00000, 0x00000006fd300000, 0x0000000706400000)
  object space 21504K, 24% used [0x00000006fbe00000,0x00000006fc33c1f0,0x00000006fd300000)
}
Event: 62.454 GC heap before
{Heap before GC invocations=6 (full 0):
 PSYoungGen      total 140288K, used 140272K [0x00000007acc00000, 0x00000007c3100000, 0x0000000800000000)
  eden space 130048K, 100% used [0x00000007acc00000,0x00000007b4b00000,0x00000007b4b00000)
  from space 10240K, 99% used [0x00000007b4b00000,0x00000007b54fc040,0x00000007b5500000)
  to   space 52736K, 0% used [0x00000007bfd80000,0x00000007bfd80000,0x00000007c3100000)
 ParOldGen       total 170496K, used 60746K [0x0000000706400000, 0x0000000710a80000, 0x00000007acc00000)
  object space 170496K, 35% used [0x0000000706400000,0x0000000709f52888,0x0000000710a80000)
 PSPermGen       total 21504K, used 5360K [0x00000006fbe00000, 0x00000006fd300000, 0x0000000706400000)
  object space 21504K, 24% used [0x00000006fbe00000,0x00000006fc33c290,0x00000006fd300000)
Event: 62.500 GC heap after
Heap after GC invocations=6 (full 0):
 PSYoungGen      total 304640K, used 11808K [0x00000007acc00000, 0x00000007c2900000, 0x0000000800000000)
  eden space 260096K, 0% used [0x00000007acc00000,0x00000007acc00000,0x00000007bca00000)
  from space 44544K, 26% used [0x00000007bfd80000,0x00000007c0908040,0x00000007c2900000)
  to   space 48640K, 0% used [0x00000007bca00000,0x00000007bca00000,0x00000007bf980000)
 ParOldGen       total 170496K, used 60746K [0x0000000706400000, 0x0000000710a80000, 0x00000007acc00000)
  object space 170496K, 35% used [0x0000000706400000,0x0000000709f52888,0x0000000710a80000)
 PSPermGen       total 21504K, used 5360K [0x00000006fbe00000, 0x00000006fd300000, 0x0000000706400000)
  object space 21504K, 24% used [0x00000006fbe00000,0x00000006fc33c290,0x00000006fd300000)
}
Event: 67.152 GC heap before
{Heap before GC invocations=7 (full 0):
 PSYoungGen      total 304640K, used 271904K [0x00000007acc00000, 0x00000007c2900000, 0x0000000800000000)
  eden space 260096K, 100% used [0x00000007acc00000,0x00000007bca00000,0x00000007bca00000)
  from space 44544K, 26% used [0x00000007bfd80000,0x00000007c0908040,0x00000007c2900000)
  to   space 48640K, 0% used [0x00000007bca00000,0x00000007bca00000,0x00000007bf980000)
 ParOldGen       total 170496K, used 60746K [0x0000000706400000, 0x0000000710a80000, 0x00000007acc00000)
  object space 170496K, 35% used [0x0000000706400000,0x0000000709f52888,0x0000000710a80000)
 PSPermGen       total 21504K, used 5362K [0x00000006fbe00000, 0x00000006fd300000, 0x0000000706400000)
  object space 21504K, 24% used [0x00000006fbe00000,0x00000006fc33c808,0x00000006fd300000)

