# JRE version: OpenJDK Runtime Environment (7.0_79-b14) (build 1.7.0_79-b14)
# Java VM: OpenJDK 64-Bit Server VM (24.79-b02 mixed mode linux-amd64 compressed oops)
Heap
 PSYoungGen      total 140288K, used 10224K [0x00000007acc00000, 0x00000007b5f00000, 0x0000000800000000)
  eden space 130048K, 0% used [0x00000007acc00000,0x00000007acc00000,0x00000007b4b00000)
  from space 10240K, 99% used [0x00000007b4b00000,0x00000007b54fc040,0x00000007b5500000)
  to   space 10240K, 0% used [0x00000007b5500000,0x00000007b5500000,0x00000007b5f00000)
 ParOldGen       total 170496K, used 60835K [0x0000000706400000, 0x0000000710a80000, 0x00000007acc00000)
  object space 170496K, 35% used [0x0000000706400000,0x0000000709f68fb0,0x0000000710a80000)
 PSPermGen       total 21504K, used 5360K [0x00000006fbe00000, 0x00000006fd300000, 0x0000000706400000)
  object space 21504K, 24% used [0x00000006fbe00000,0x00000006fc33c188,0x00000006fd300000)
GC Heap History (9 events):
Event: 7.498 GC heap before
{Heap before GC invocations=1 (full 0):
 PSYoungGen      total 75264K, used 65024K [0x00000007acc00000, 0x00000007b1f80000, 0x0000000800000000)
  eden space 65024K, 100% used [0x00000007acc00000,0x00000007b0b80000,0x00000007b0b80000)
  from space 10240K, 0% used [0x00000007b1580000,0x00000007b1580000,0x00000007b1f80000)
  to   space 10240K, 0% used [0x00000007b0b80000,0x00000007b0b80000,0x00000007b1580000)
 ParOldGen       total 170496K, used 0K [0x0000000706400000, 0x0000000710a80000, 0x00000007acc00000)
  object space 170496K, 0% used [0x0000000706400000,0x0000000706400000,0x0000000710a80000)
 PSPermGen       total 21504K, used 4750K [0x00000006fbe00000, 0x00000006fd300000, 0x0000000706400000)
  object space 21504K, 22% used [0x00000006fbe00000,0x00000006fc2a3900,0x00000006fd300000)
Event: 7.513 GC heap after
Heap after GC invocations=1 (full 0):
 PSYoungGen      total 75264K, used 1146K [0x00000007acc00000, 0x00000007b1f80000, 0x0000000800000000)
  eden space 65024K, 0% used [0x00000007acc00000,0x00000007acc00000,0x00000007b0b80000)
  from space 10240K, 11% used [0x00000007b0b80000,0x00000007b0c9ea18,0x00000007b1580000)
  to   space 10240K, 0% used [0x00000007b1580000,0x00000007b1580000,0x00000007b1f80000)
 ParOldGen       total 170496K, used 8K [0x0000000706400000, 0x0000000710a80000, 0x00000007acc00000)
  object space 170496K, 0% used [0x0000000706400000,0x0000000706402000,0x0000000710a80000)
 PSPermGen       total 21504K, used 4750K [0x00000006fbe00000, 0x00000006fd300000, 0x0000000706400000)
  object space 21504K, 22% used [0x00000006fbe00000,0x00000006fc2a3900,0x00000006fd300000)
}
Event: 11.036 GC heap before
{Heap before GC invocations=2 (full 0):
 PSYoungGen      total 75264K, used 66170K [0x00000007acc00000, 0x00000007b1f80000, 0x0000000800000000)
  eden space 65024K, 100% used [0x00000007acc00000,0x00000007b0b80000,0x00000007b0b80000)
  from space 10240K, 11% used [0x00000007b0b80000,0x00000007b0c9ea18,0x00000007b1580000)
  to   space 10240K, 0% used [0x00000007b1580000,0x00000007b1580000,0x00000007b1f80000)
 ParOldGen       total 170496K, used 8K [0x0000000706400000, 0x0000000710a80000, 0x00000007acc00000)
  object space 170496K, 0% used [0x0000000706400000,0x0000000706402000,0x0000000710a80000)
 PSPermGen       total 21504K, used 4757K [0x00000006fbe00000, 0x00000006fd300000, 0x0000000706400000)
  object space 21504K, 22% used [0x00000006fbe00000,0x00000006fc2a5510,0x00000006fd300000)
Event: 11.040 GC heap after
Heap after GC invocations=2 (full 0):
 PSYoungGen      total 75264K, used 608K [0x00000007acc00000, 0x00000007b1f80000, 0x0000000800000000)
  eden space 65024K, 0% used [0x00000007acc00000,0x00000007acc00000,0x00000007b0b80000)
  from space 10240K, 5% used [0x00000007b1580000,0x00000007b1618020,0x00000007b1f80000)
  to   space 10240K, 0% used [0x00000007b0b80000,0x00000007b0b80000,0x00000007b1580000)
 ParOldGen       total 170496K, used 8K [0x0000000706400000, 0x0000000710a80000, 0x00000007acc00000)
  object space 170496K, 0% used [0x0000000706400000,0x0000000706402000,0x0000000710a80000)
 PSPermGen       total 21504K, used 4757K [0x00000006fbe00000, 0x00000006fd300000, 0x0000000706400000)
  object space 21504K, 22% used [0x00000006fbe00000,0x00000006fc2a5510,0x00000006fd300000)
}
Event: 12.489 GC heap before
{Heap before GC invocations=3 (full 0):
 PSYoungGen      total 75264K, used 65632K [0x00000007acc00000, 0x00000007b1f80000, 0x0000000800000000)
  eden space 65024K, 100% used [0x00000007acc00000,0x00000007b0b80000,0x00000007b0b80000)
  from space 10240K, 5% used [0x00000007b1580000,0x00000007b1618020,0x00000007b1f80000)
  to   space 10240K, 0% used [0x00000007b0b80000,0x00000007b0b80000,0x00000007b1580000)
 ParOldGen       total 170496K, used 8K [0x0000000706400000, 0x0000000710a80000, 0x00000007acc00000)
  object space 170496K, 0% used [0x0000000706400000,0x0000000706402000,0x0000000710a80000)
 PSPermGen       total 21504K, used 4831K [0x00000006fbe00000, 0x00000006fd300000, 0x0000000706400000)
  object space 21504K, 22% used [0x00000006fbe00000,0x00000006fc2b7d80,0x00000006fd300000)
Event: 12.752 GC heap after
Heap after GC invocations=3 (full 0):
 PSYoungGen      total 75264K, used 10224K [0x00000007acc00000, 0x00000007b5f00000, 0x0000000800000000)
  eden space 65024K, 0% used [0x00000007acc00000,0x00000007acc00000,0x00000007b0b80000)
  from space 10240K, 99% used [0x00000007b0b80000,0x00000007b157c010,0x00000007b1580000)
  to   space 10240K, 0% used [0x00000007b5500000,0x00000007b5500000,0x00000007b5f00000)
 ParOldGen       total 170496K, used 14125K [0x0000000706400000, 0x0000000710a80000, 0x00000007acc00000)
  object space 170496K, 8% used [0x0000000706400000,0x00000007071cb590,0x0000000710a80000)
 PSPermGen       total 21504K, used 4831K [0x00000006fbe00000, 0x00000006fd300000, 0x0000000706400000)
  object space 21504K, 22% used [0x00000006fbe00000,0x00000006fc2b7d80,0x00000006fd300000)
}
Event: 73.369 GC heap before
{Heap before GC invocations=4 (full 0):
 PSYoungGen      total 75264K, used 75248K [0x00000007acc00000, 0x00000007b5f00000, 0x0000000800000000)
  eden space 65024K, 100% used [0x00000007acc00000,0x00000007b0b80000,0x00000007b0b80000)
  from space 10240K, 99% used [0x00000007b0b80000,0x00000007b157c010,0x00000007b1580000)
  to   space 10240K, 0% used [0x00000007b5500000,0x00000007b5500000,0x00000007b5f00000)
 ParOldGen       total 170496K, used 14125K [0x0000000706400000, 0x0000000710a80000, 0x00000007acc00000)
  object space 170496K, 8% used [0x0000000706400000,0x00000007071cb590,0x0000000710a80000)
 PSPermGen       total 21504K, used 5333K [0x00000006fbe00000, 0x00000006fd300000, 0x0000000706400000)
  object space 21504K, 24% used [0x00000006fbe00000,0x00000006fc335608,0x00000006fd300000)
Event: 73.609 GC heap after
Heap after GC invocations=4 (full 0):
 PSYoungGen      total 140288K, used 10208K [0x00000007acc00000, 0x00000007b5f00000, 0x0000000800000000)
  eden space 130048K, 0% used [0x00000007acc00000,0x00000007acc00000,0x00000007b4b00000)
  from space 10240K, 99% used [0x00000007b5500000,0x00000007b5ef82c8,0x00000007b5f00000)
  to   space 10240K, 0% used [0x00000007b4b00000,0x00000007b4b00000,0x00000007b5500000)
 ParOldGen       total 170496K, used 58403K [0x0000000706400000, 0x0000000710a80000, 0x00000007acc00000)
  object space 170496K, 34% used [0x0000000706400000,0x0000000709d08fb0,0x0000000710a80000)
 PSPermGen       total 21504K, used 5333K [0x00000006fbe00000, 0x00000006fd300000, 0x0000000706400000)
  object space 21504K, 24% used [0x00000006fbe00000,0x00000006fc335608,0x00000006fd300000)
}
Event: 79.741 GC heap before
{Heap before GC invocations=5 (full 0):
 PSYoungGen      total 140288K, used 140256K [0x00000007acc00000, 0x00000007b5f00000, 0x0000000800000000)
  eden space 130048K, 100% used [0x00000007acc00000,0x00000007b4b00000,0x00000007b4b00000)
  from space 10240K, 99% used [0x00000007b5500000,0x00000007b5ef82c8,0x00000007b5f00000)
  to   space 10240K, 0% used [0x00000007b4b00000,0x00000007b4b00000,0x00000007b5500000)
 ParOldGen       total 170496K, used 58403K [0x0000000706400000, 0x0000000710a80000, 0x00000007acc00000)
  object space 170496K, 34% used [0x0000000706400000,0x0000000709d08fb0,0x0000000710a80000)
 PSPermGen       total 21504K, used 5360K [0x00000006fbe00000, 0x00000006fd300000, 0x0000000706400000)
  object space 21504K, 24% used [0x00000006fbe00000,0x00000006fc33c188,0x00000006fd300000)

