# JRE version: OpenJDK Runtime Environment (7.0_79-b14) (build 1.7.0_79-b14)
# Java VM: OpenJDK 64-Bit Server VM (24.79-b02 mixed mode linux-amd64 compressed oops)
Heap
 PSYoungGen      total 563712K, used 8944K [0x00000007acc00000, 0x00000007d1d00000, 0x0000000800000000)
  eden space 520192K, 0% used [0x00000007acc00000,0x00000007acc00000,0x00000007cc800000)
  from space 43520K, 20% used [0x00000007cc800000,0x00000007cd0bc030,0x00000007cf280000)
  to   space 41984K, 0% used [0x00000007cf400000,0x00000007cf400000,0x00000007d1d00000)
 ParOldGen       total 170496K, used 72586K [0x0000000706400000, 0x0000000710a80000, 0x00000007acc00000)
  object space 170496K, 42% used [0x0000000706400000,0x000000070aae2bc0,0x0000000710a80000)
 PSPermGen       total 21504K, used 5467K [0x00000006fbe00000, 0x00000006fd300000, 0x0000000706400000)
  object space 21504K, 25% used [0x00000006fbe00000,0x00000006fc356c40,0x00000006fd300000)
GC Heap History (10 events):
Event: 82.512 GC heap after
Heap after GC invocations=4 (full 0):
 PSYoungGen      total 140288K, used 10208K [0x00000007acc00000, 0x00000007b5f00000, 0x0000000800000000)
  eden space 130048K, 0% used [0x00000007acc00000,0x00000007acc00000,0x00000007b4b00000)
  from space 10240K, 99% used [0x00000007b5500000,0x00000007b5ef82c8,0x00000007b5f00000)
  to   space 10240K, 0% used [0x00000007b4b00000,0x00000007b4b00000,0x00000007b5500000)
 ParOldGen       total 170496K, used 58402K [0x0000000706400000, 0x0000000710a80000, 0x00000007acc00000)
  object space 170496K, 34% used [0x0000000706400000,0x0000000709d08898,0x0000000710a80000)
 PSPermGen       total 21504K, used 5333K [0x00000006fbe00000, 0x00000006fd300000, 0x0000000706400000)
  object space 21504K, 24% used [0x00000006fbe00000,0x00000006fc335788,0x00000006fd300000)
}
Event: 85.607 GC heap before
{Heap before GC invocations=5 (full 0):
 PSYoungGen      total 140288K, used 140256K [0x00000007acc00000, 0x00000007b5f00000, 0x0000000800000000)
  eden space 130048K, 100% used [0x00000007acc00000,0x00000007b4b00000,0x00000007b4b00000)
  from space 10240K, 99% used [0x00000007b5500000,0x00000007b5ef82c8,0x00000007b5f00000)
  to   space 10240K, 0% used [0x00000007b4b00000,0x00000007b4b00000,0x00000007b5500000)
 ParOldGen       total 170496K, used 58402K [0x0000000706400000, 0x0000000710a80000, 0x00000007acc00000)
  object space 170496K, 34% used [0x0000000706400000,0x0000000709d08898,0x0000000710a80000)
 PSPermGen       total 21504K, used 5360K [0x00000006fbe00000, 0x00000006fd300000, 0x0000000706400000)
  object space 21504K, 24% used [0x00000006fbe00000,0x00000006fc33c308,0x00000006fd300000)
Event: 85.675 GC heap after
Heap after GC invocations=5 (full 0):
 PSYoungGen      total 140288K, used 10224K [0x00000007acc00000, 0x00000007c3100000, 0x0000000800000000)
  eden space 130048K, 0% used [0x00000007acc00000,0x00000007acc00000,0x00000007b4b00000)
  from space 10240K, 99% used [0x00000007b4b00000,0x00000007b54fc2d8,0x00000007b5500000)
  to   space 52736K, 0% used [0x00000007bfd80000,0x00000007bfd80000,0x00000007c3100000)
 ParOldGen       total 170496K, used 60818K [0x0000000706400000, 0x0000000710a80000, 0x00000007acc00000)
  object space 170496K, 35% used [0x0000000706400000,0x0000000709f648a8,0x0000000710a80000)
 PSPermGen       total 21504K, used 5360K [0x00000006fbe00000, 0x00000006fd300000, 0x0000000706400000)
  object space 21504K, 24% used [0x00000006fbe00000,0x00000006fc33c308,0x00000006fd300000)
}
Event: 87.465 GC heap before
{Heap before GC invocations=6 (full 0):
 PSYoungGen      total 140288K, used 140272K [0x00000007acc00000, 0x00000007c3100000, 0x0000000800000000)
  eden space 130048K, 100% used [0x00000007acc00000,0x00000007b4b00000,0x00000007b4b00000)
  from space 10240K, 99% used [0x00000007b4b00000,0x00000007b54fc2d8,0x00000007b5500000)
  to   space 52736K, 0% used [0x00000007bfd80000,0x00000007bfd80000,0x00000007c3100000)
 ParOldGen       total 170496K, used 60818K [0x0000000706400000, 0x0000000710a80000, 0x00000007acc00000)
  object space 170496K, 35% used [0x0000000706400000,0x0000000709f648a8,0x0000000710a80000)
 PSPermGen       total 21504K, used 5360K [0x00000006fbe00000, 0x00000006fd300000, 0x0000000706400000)
  object space 21504K, 24% used [0x00000006fbe00000,0x00000006fc33c3a8,0x00000006fd300000)
Event: 87.496 GC heap after
Heap after GC invocations=6 (full 0):
 PSYoungGen      total 304640K, used 11824K [0x00000007acc00000, 0x00000007c2900000, 0x0000000800000000)
  eden space 260096K, 0% used [0x00000007acc00000,0x00000007acc00000,0x00000007bca00000)
  from space 44544K, 26% used [0x00000007bfd80000,0x00000007c090c2d8,0x00000007c2900000)
  to   space 48640K, 0% used [0x00000007bca00000,0x00000007bca00000,0x00000007bf980000)
 ParOldGen       total 170496K, used 60826K [0x0000000706400000, 0x0000000710a80000, 0x00000007acc00000)
  object space 170496K, 35% used [0x0000000706400000,0x0000000709f668a8,0x0000000710a80000)
 PSPermGen       total 21504K, used 5360K [0x00000006fbe00000, 0x00000006fd300000, 0x0000000706400000)
  object space 21504K, 24% used [0x00000006fbe00000,0x00000006fc33c3a8,0x00000006fd300000)
}
Event: 91.518 GC heap before
{Heap before GC invocations=7 (full 0):
 PSYoungGen      total 304640K, used 271920K [0x00000007acc00000, 0x00000007c2900000, 0x0000000800000000)
  eden space 260096K, 100% used [0x00000007acc00000,0x00000007bca00000,0x00000007bca00000)
  from space 44544K, 26% used [0x00000007bfd80000,0x00000007c090c2d8,0x00000007c2900000)
  to   space 48640K, 0% used [0x00000007bca00000,0x00000007bca00000,0x00000007bf980000)
 ParOldGen       total 170496K, used 60826K [0x0000000706400000, 0x0000000710a80000, 0x00000007acc00000)
  object space 170496K, 35% used [0x0000000706400000,0x0000000709f668a8,0x0000000710a80000)
 PSPermGen       total 21504K, used 5362K [0x00000006fbe00000, 0x00000006fd300000, 0x0000000706400000)
  object space 21504K, 24% used [0x00000006fbe00000,0x00000006fc33c920,0x00000006fd300000)
Event: 91.571 GC heap after
Heap after GC invocations=7 (full 0):
 PSYoungGen      total 308736K, used 13984K [0x00000007acc00000, 0x00000007d2000000, 0x0000000800000000)
  eden space 260096K, 0% used [0x00000007acc00000,0x00000007acc00000,0x00000007bca00000)
  from space 48640K, 28% used [0x00000007bca00000,0x00000007bd7a8020,0x00000007bf980000)
  to   space 45056K, 0% used [0x00000007cf400000,0x00000007cf400000,0x00000007d2000000)
 ParOldGen       total 170496K, used 61386K [0x0000000706400000, 0x0000000710a80000, 0x00000007acc00000)
  object space 170496K, 36% used [0x0000000706400000,0x0000000709ff2bc0,0x0000000710a80000)
 PSPermGen       total 21504K, used 5362K [0x00000006fbe00000, 0x00000006fd300000, 0x0000000706400000)
  object space 21504K, 24% used [0x00000006fbe00000,0x00000006fc33c920,0x00000006fd300000)
}
Event: 95.071 GC heap before
{Heap before GC invocations=8 (full 0):
 PSYoungGen      total 308736K, used 274080K [0x00000007acc00000, 0x00000007d2000000, 0x0000000800000000)
  eden space 260096K, 100% used [0x00000007acc00000,0x00000007bca00000,0x00000007bca00000)
  from space 48640K, 28% used [0x00000007bca00000,0x00000007bd7a8020,0x00000007bf980000)
  to   space 45056K, 0% used [0x00000007cf400000,0x00000007cf400000,0x00000007d2000000)
 ParOldGen       total 170496K, used 61386K [0x0000000706400000, 0x0000000710a80000, 0x00000007acc00000)
  object space 170496K, 36% used [0x0000000706400000,0x0000000709ff2bc0,0x0000000710a80000)
 PSPermGen       total 21504K, used 5362K [0x00000006fbe00000, 0x00000006fd300000, 0x0000000706400000)
  object space 21504K, 24% used [0x00000006fbe00000,0x00000006fc33c920,0x00000006fd300000)
Event: 95.131 GC heap after
Heap after GC invocations=8 (full 0):
 PSYoungGen      total 562176K, used 7808K [0x00000007acc00000, 0x00000007d1d00000, 0x0000000800000000)
  eden space 520192K, 0% used [0x00000007acc00000,0x00000007acc00000,0x00000007cc800000)
  from space 41984K, 18% used [0x00000007cf400000,0x00000007cfba0020,0x00000007d1d00000)
  to   space 43520K, 0% used [0x00000007cc800000,0x00000007cc800000,0x00000007cf280000)
 ParOldGen       total 170496K, used 70058K [0x0000000706400000, 0x0000000710a80000, 0x00000007acc00000)
  object space 170496K, 41% used [0x0000000706400000,0x000000070a86abc0,0x0000000710a80000)
 PSPermGen       total 21504K, used 5362K [0x00000006fbe00000, 0x00000006fd300000, 0x0000000706400000)
  object space 21504K, 24% used [0x00000006fbe00000,0x00000006fc33c920,0x00000006fd300000)
}
Event: 104.964 GC heap before
{Heap before GC invocations=9 (full 0):
 PSYoungGen      total 562176K, used 528000K [0x00000007acc00000, 0x00000007d1d00000, 0x0000000800000000)
  eden space 520192K, 100% used [0x00000007acc00000,0x00000007cc800000,0x00000007cc800000)
  from space 41984K, 18% used [0x00000007cf400000,0x00000007cfba0020,0x00000007d1d00000)
  to   space 43520K, 0% used [0x00000007cc800000,0x00000007cc800000,0x00000007cf280000)
 ParOldGen       total 170496K, used 70058K [0x0000000706400000, 0x0000000710a80000, 0x00000007acc00000)
  object space 170496K, 41% used [0x0000000706400000,0x000000070a86abc0,0x0000000710a80000)
 PSPermGen       total 21504K, used 5467K [0x00000006fbe00000, 0x00000006fd300000, 0x0000000706400000)
  object space 21504K, 25% used [0x00000006fbe00000,0x00000006fc356c40,0x00000006fd300000)

