# JRE version: OpenJDK Runtime Environment (7.0_79-b14) (build 1.7.0_79-b14)
# Java VM: OpenJDK 64-Bit Server VM (24.79-b02 mixed mode linux-amd64 compressed oops)
Heap
 PSYoungGen      total 1073664K, used 0K [0x00000007acc00000, 0x0000000800000000, 0x0000000800000000)
  eden space 787456K, 0% used [0x00000007acc00000,0x00000007acc00000,0x00000007dcd00000)
  from space 286208K, 0% used [0x00000007ee600000,0x00000007ee600000,0x00000007ffd80000)
  to   space 287744K, 0% used [0x00000007dcd00000,0x00000007dcd00000,0x00000007ee600000)
 ParOldGen       total 1415680K, used 1412255K [0x0000000706400000, 0x000000075ca80000, 0x00000007acc00000)
  object space 1415680K, 99% used [0x0000000706400000,0x000000075c727cb8,0x000000075ca80000)
 PSPermGen       total 21504K, used 6040K [0x00000006fbe00000, 0x00000006fd300000, 0x0000000706400000)
  object space 21504K, 28% used [0x00000006fbe00000,0x00000006fc3e61d0,0x00000006fd300000)
GC Heap History (10 events):
Event: 826.086 GC heap after
Heap after GC invocations=143 (full 5):
 PSYoungGen      total 1032704K, used 125366K [0x00000007acc00000, 0x00000007fe780000, 0x0000000800000000)
  eden space 731136K, 0% used [0x00000007acc00000,0x00000007acc00000,0x00000007d9600000)
  from space 301568K, 41% used [0x00000007eb580000,0x00000007f2fed958,0x00000007fdc00000)
  to   space 294400K, 0% used [0x00000007d9600000,0x00000007d9600000,0x00000007eb580000)
 ParOldGen       total 1415680K, used 1248901K [0x0000000706400000, 0x000000075ca80000, 0x00000007acc00000)
  object space 1415680K, 88% used [0x0000000706400000,0x00000007527a1428,0x000000075ca80000)
 PSPermGen       total 21504K, used 6040K [0x00000006fbe00000, 0x00000006fd300000, 0x0000000706400000)
  object space 21504K, 28% used [0x00000006fbe00000,0x00000006fc3e6278,0x00000006fd300000)
}
Event: 836.572 GC heap before
{Heap before GC invocations=144 (full 5):
 PSYoungGen      total 1032704K, used 856502K [0x00000007acc00000, 0x00000007fe780000, 0x0000000800000000)
  eden space 731136K, 100% used [0x00000007acc00000,0x00000007d9600000,0x00000007d9600000)
  from space 301568K, 41% used [0x00000007eb580000,0x00000007f2fed958,0x00000007fdc00000)
  to   space 294400K, 0% used [0x00000007d9600000,0x00000007d9600000,0x00000007eb580000)
 ParOldGen       total 1415680K, used 1248901K [0x0000000706400000, 0x000000075ca80000, 0x00000007acc00000)
  object space 1415680K, 88% used [0x0000000706400000,0x00000007527a1428,0x000000075ca80000)
 PSPermGen       total 21504K, used 6040K [0x00000006fbe00000, 0x00000006fd300000, 0x0000000706400000)
  object space 21504K, 28% used [0x00000006fbe00000,0x00000006fc3e6278,0x00000006fd300000)
Event: 836.916 GC heap after
Heap after GC invocations=144 (full 5):
 PSYoungGen      total 1025536K, used 112069K [0x00000007acc00000, 0x00000007fee00000, 0x0000000800000000)
  eden space 731136K, 0% used [0x00000007acc00000,0x00000007acc00000,0x00000007d9600000)
  from space 294400K, 38% used [0x00000007d9600000,0x00000007e0371550,0x00000007eb580000)
  to   space 288768K, 0% used [0x00000007ed400000,0x00000007ed400000,0x00000007fee00000)
 ParOldGen       total 1415680K, used 1274124K [0x0000000706400000, 0x000000075ca80000, 0x00000007acc00000)
  object space 1415680K, 90% used [0x0000000706400000,0x00000007540431a0,0x000000075ca80000)
 PSPermGen       total 21504K, used 6040K [0x00000006fbe00000, 0x00000006fd300000, 0x0000000706400000)
  object space 21504K, 28% used [0x00000006fbe00000,0x00000006fc3e6278,0x00000006fd300000)
}
Event: 847.056 GC heap before
{Heap before GC invocations=145 (full 5):
 PSYoungGen      total 1025536K, used 843205K [0x00000007acc00000, 0x00000007fee00000, 0x0000000800000000)
  eden space 731136K, 100% used [0x00000007acc00000,0x00000007d9600000,0x00000007d9600000)
  from space 294400K, 38% used [0x00000007d9600000,0x00000007e0371550,0x00000007eb580000)
  to   space 288768K, 0% used [0x00000007ed400000,0x00000007ed400000,0x00000007fee00000)
 ParOldGen       total 1415680K, used 1274124K [0x0000000706400000, 0x000000075ca80000, 0x00000007acc00000)
  object space 1415680K, 90% used [0x0000000706400000,0x00000007540431a0,0x000000075ca80000)
 PSPermGen       total 21504K, used 6040K [0x00000006fbe00000, 0x00000006fd300000, 0x0000000706400000)
  object space 21504K, 28% used [0x00000006fbe00000,0x00000006fc3e6278,0x00000006fd300000)
Event: 847.616 GC heap after
Heap after GC invocations=145 (full 5):
 PSYoungGen      total 1059328K, used 92548K [0x00000007acc00000, 0x00000007ff580000, 0x0000000800000000)
  eden space 770560K, 0% used [0x00000007acc00000,0x00000007acc00000,0x00000007dbc80000)
  from space 288768K, 32% used [0x00000007ed400000,0x00000007f2e61180,0x00000007fee00000)
  to   space 286208K, 0% used [0x00000007dbc80000,0x00000007dbc80000,0x00000007ed400000)
 ParOldGen       total 1415680K, used 1305201K [0x0000000706400000, 0x000000075ca80000, 0x00000007acc00000)
  object space 1415680K, 92% used [0x0000000706400000,0x0000000755e9c570,0x000000075ca80000)
 PSPermGen       total 21504K, used 6040K [0x00000006fbe00000, 0x00000006fd300000, 0x0000000706400000)
  object space 21504K, 28% used [0x00000006fbe00000,0x00000006fc3e6278,0x00000006fd300000)
}
Event: 856.804 GC heap before
{Heap before GC invocations=146 (full 5):
 PSYoungGen      total 1059328K, used 863108K [0x00000007acc00000, 0x00000007ff580000, 0x0000000800000000)
  eden space 770560K, 100% used [0x00000007acc00000,0x00000007dbc80000,0x00000007dbc80000)
  from space 288768K, 32% used [0x00000007ed400000,0x00000007f2e61180,0x00000007fee00000)
  to   space 286208K, 0% used [0x00000007dbc80000,0x00000007dbc80000,0x00000007ed400000)
 ParOldGen       total 1415680K, used 1305201K [0x0000000706400000, 0x000000075ca80000, 0x00000007acc00000)
  object space 1415680K, 92% used [0x0000000706400000,0x0000000755e9c570,0x000000075ca80000)
 PSPermGen       total 21504K, used 6040K [0x00000006fbe00000, 0x00000006fd300000, 0x0000000706400000)
  object space 21504K, 28% used [0x00000006fbe00000,0x00000006fc3e6278,0x00000006fd300000)
Event: 857.013 GC heap after
Heap after GC invocations=146 (full 5):
 PSYoungGen      total 1056768K, used 68146K [0x00000007acc00000, 0x00000007ffd80000, 0x0000000800000000)
  eden space 770560K, 0% used [0x00000007acc00000,0x00000007acc00000,0x00000007dbc80000)
  from space 286208K, 23% used [0x00000007dbc80000,0x00000007dff0cab8,0x00000007ed400000)
  to   space 286208K, 0% used [0x00000007ee600000,0x00000007ee600000,0x00000007ffd80000)
 ParOldGen       total 1415680K, used 1342235K [0x0000000706400000, 0x000000075ca80000, 0x00000007acc00000)
  object space 1415680K, 94% used [0x0000000706400000,0x00000007582c6cf8,0x000000075ca80000)
 PSPermGen       total 21504K, used 6040K [0x00000006fbe00000, 0x00000006fd300000, 0x0000000706400000)
  object space 21504K, 28% used [0x00000006fbe00000,0x00000006fc3e6278,0x00000006fd300000)
}
Event: 867.620 GC heap before
{Heap before GC invocations=147 (full 5):
 PSYoungGen      total 1056768K, used 838706K [0x00000007acc00000, 0x00000007ffd80000, 0x0000000800000000)
  eden space 770560K, 100% used [0x00000007acc00000,0x00000007dbc80000,0x00000007dbc80000)
  from space 286208K, 23% used [0x00000007dbc80000,0x00000007dff0cab8,0x00000007ed400000)
  to   space 286208K, 0% used [0x00000007ee600000,0x00000007ee600000,0x00000007ffd80000)
 ParOldGen       total 1415680K, used 1342235K [0x0000000706400000, 0x000000075ca80000, 0x00000007acc00000)
  object space 1415680K, 94% used [0x0000000706400000,0x00000007582c6cf8,0x000000075ca80000)
 PSPermGen       total 21504K, used 6040K [0x00000006fbe00000, 0x00000006fd300000, 0x0000000706400000)
  object space 21504K, 28% used [0x00000006fbe00000,0x00000006fc3e6278,0x00000006fd300000)
Event: 867.891 GC heap after
Heap after GC invocations=147 (full 5):
 PSYoungGen      total 1073664K, used 44948K [0x00000007acc00000, 0x0000000800000000, 0x0000000800000000)
  eden space 787456K, 0% used [0x00000007acc00000,0x00000007acc00000,0x00000007dcd00000)
  from space 286208K, 15% used [0x00000007ee600000,0x00000007f11e53a8,0x00000007ffd80000)
  to   space 287744K, 0% used [0x00000007dcd00000,0x00000007dcd00000,0x00000007ee600000)
 ParOldGen       total 1415680K, used 1376763K [0x0000000706400000, 0x000000075ca80000, 0x00000007acc00000)
  object space 1415680K, 97% used [0x0000000706400000,0x000000075a47ed88,0x000000075ca80000)
 PSPermGen       total 21504K, used 6040K [0x00000006fbe00000, 0x00000006fd300000, 0x0000000706400000)
  object space 21504K, 28% used [0x00000006fbe00000,0x00000006fc3e6278,0x00000006fd300000)
}
Event: 867.891 GC heap before
{Heap before GC invocations=148 (full 6):
 PSYoungGen      total 1073664K, used 44948K [0x00000007acc00000, 0x0000000800000000, 0x0000000800000000)
  eden space 787456K, 0% used [0x00000007acc00000,0x00000007acc00000,0x00000007dcd00000)
  from space 286208K, 15% used [0x00000007ee600000,0x00000007f11e53a8,0x00000007ffd80000)
  to   space 287744K, 0% used [0x00000007dcd00000,0x00000007dcd00000,0x00000007ee600000)
 ParOldGen       total 1415680K, used 1376763K [0x0000000706400000, 0x000000075ca80000, 0x00000007acc00000)
  object space 1415680K, 97% used [0x0000000706400000,0x000000075a47ed88,0x000000075ca80000)
 PSPermGen       total 21504K, used 6040K [0x00000006fbe00000, 0x00000006fd300000, 0x0000000706400000)
  object space 21504K, 28% used [0x00000006fbe00000,0x00000006fc3e6278,0x00000006fd300000)

