# JRE version: OpenJDK Runtime Environment (7.0_79-b14) (build 1.7.0_79-b14)
# Java VM: OpenJDK 64-Bit Server VM (24.79-b02 mixed mode linux-amd64 compressed oops)
Heap
 PSYoungGen      total 765952K, used 13298K [0x00000007acc00000, 0x00000007dc600000, 0x0000000800000000)
  eden space 752640K, 0% used [0x00000007acc00000,0x00000007acc00000,0x00000007dab00000)
  from space 13312K, 99% used [0x00000007dac00000,0x00000007db8fc9d0,0x00000007db900000)
  to   space 9216K, 0% used [0x00000007dbd00000,0x00000007dbd00000,0x00000007dc600000)
 ParOldGen       total 269824K, used 217707K [0x0000000706400000, 0x0000000716b80000, 0x00000007acc00000)
  object space 269824K, 80% used [0x0000000706400000,0x000000071389ac58,0x0000000716b80000)
 PSPermGen       total 21504K, used 5917K [0x00000006fbe00000, 0x00000006fd300000, 0x0000000706400000)
  object space 21504K, 27% used [0x00000006fbe00000,0x00000006fc3c77f8,0x00000006fd300000)
GC Heap History (10 events):
Event: 458.576 GC heap after
Heap after GC invocations=167 (full 1):
 PSYoungGen      total 593408K, used 7104K [0x00000007acc00000, 0x00000007d5c00000, 0x0000000800000000)
  eden space 586240K, 0% used [0x00000007acc00000,0x00000007acc00000,0x00000007d0880000)
  from space 7168K, 99% used [0x00000007d5500000,0x00000007d5bf0010,0x00000007d5c00000)
  to   space 11264K, 0% used [0x00000007d4600000,0x00000007d4600000,0x00000007d5100000)
 ParOldGen       total 269824K, used 175541K [0x0000000706400000, 0x0000000716b80000, 0x00000007acc00000)
  object space 269824K, 65% used [0x0000000706400000,0x0000000710f6d498,0x0000000716b80000)
 PSPermGen       total 21504K, used 5917K [0x00000006fbe00000, 0x00000006fd300000, 0x0000000706400000)
  object space 21504K, 27% used [0x00000006fbe00000,0x00000006fc3c77f8,0x00000006fd300000)
}
Event: 462.965 GC heap before
{Heap before GC invocations=168 (full 1):
 PSYoungGen      total 593408K, used 593344K [0x00000007acc00000, 0x00000007d5c00000, 0x0000000800000000)
  eden space 586240K, 100% used [0x00000007acc00000,0x00000007d0880000,0x00000007d0880000)
  from space 7168K, 99% used [0x00000007d5500000,0x00000007d5bf0010,0x00000007d5c00000)
  to   space 11264K, 0% used [0x00000007d4600000,0x00000007d4600000,0x00000007d5100000)
 ParOldGen       total 269824K, used 175541K [0x0000000706400000, 0x0000000716b80000, 0x00000007acc00000)
  object space 269824K, 65% used [0x0000000706400000,0x0000000710f6d498,0x0000000716b80000)
 PSPermGen       total 21504K, used 5917K [0x00000006fbe00000, 0x00000006fd300000, 0x0000000706400000)
  object space 21504K, 27% used [0x00000006fbe00000,0x00000006fc3c77f8,0x00000006fd300000)
Event: 463.092 GC heap after
Heap after GC invocations=168 (full 1):
 PSYoungGen      total 660480K, used 7876K [0x00000007acc00000, 0x00000007d6d00000, 0x0000000800000000)
  eden space 649216K, 0% used [0x00000007acc00000,0x00000007acc00000,0x00000007d4600000)
  from space 11264K, 69% used [0x00000007d4600000,0x00000007d4db1050,0x00000007d5100000)
  to   space 11776K, 0% used [0x00000007d6180000,0x00000007d6180000,0x00000007d6d00000)
 ParOldGen       total 269824K, used 181864K [0x0000000706400000, 0x0000000716b80000, 0x00000007acc00000)
  object space 269824K, 67% used [0x0000000706400000,0x000000071159a138,0x0000000716b80000)
 PSPermGen       total 21504K, used 5917K [0x00000006fbe00000, 0x00000006fd300000, 0x0000000706400000)
  object space 21504K, 27% used [0x00000006fbe00000,0x00000006fc3c77f8,0x00000006fd300000)
}
Event: 467.835 GC heap before
{Heap before GC invocations=169 (full 1):
 PSYoungGen      total 660480K, used 657092K [0x00000007acc00000, 0x00000007d6d00000, 0x0000000800000000)
  eden space 649216K, 100% used [0x00000007acc00000,0x00000007d4600000,0x00000007d4600000)
  from space 11264K, 69% used [0x00000007d4600000,0x00000007d4db1050,0x00000007d5100000)
  to   space 11776K, 0% used [0x00000007d6180000,0x00000007d6180000,0x00000007d6d00000)
 ParOldGen       total 269824K, used 181864K [0x0000000706400000, 0x0000000716b80000, 0x00000007acc00000)
  object space 269824K, 67% used [0x0000000706400000,0x000000071159a138,0x0000000716b80000)
 PSPermGen       total 21504K, used 5917K [0x00000006fbe00000, 0x00000006fd300000, 0x0000000706400000)
  object space 21504K, 27% used [0x00000006fbe00000,0x00000006fc3c77f8,0x00000006fd300000)
Event: 467.980 GC heap after
Heap after GC invocations=169 (full 1):
 PSYoungGen      total 676864K, used 8608K [0x00000007acc00000, 0x00000007dbc00000, 0x0000000800000000)
  eden space 665088K, 0% used [0x00000007acc00000,0x00000007acc00000,0x00000007d5580000)
  from space 11776K, 73% used [0x00000007d6180000,0x00000007d69e8020,0x00000007d6d00000)
  to   space 12288K, 0% used [0x00000007d5580000,0x00000007d5580000,0x00000007d6180000)
 ParOldGen       total 269824K, used 188910K [0x0000000706400000, 0x0000000716b80000, 0x00000007acc00000)
  object space 269824K, 70% used [0x0000000706400000,0x0000000711c7b9e8,0x0000000716b80000)
 PSPermGen       total 21504K, used 5917K [0x00000006fbe00000, 0x00000006fd300000, 0x0000000706400000)
  object space 21504K, 27% used [0x00000006fbe00000,0x00000006fc3c77f8,0x00000006fd300000)
}
Event: 473.122 GC heap before
{Heap before GC invocations=170 (full 1):
 PSYoungGen      total 676864K, used 673696K [0x00000007acc00000, 0x00000007dbc00000, 0x0000000800000000)
  eden space 665088K, 100% used [0x00000007acc00000,0x00000007d5580000,0x00000007d5580000)
  from space 11776K, 73% used [0x00000007d6180000,0x00000007d69e8020,0x00000007d6d00000)
  to   space 12288K, 0% used [0x00000007d5580000,0x00000007d5580000,0x00000007d6180000)
 ParOldGen       total 269824K, used 188910K [0x0000000706400000, 0x0000000716b80000, 0x00000007acc00000)
  object space 269824K, 70% used [0x0000000706400000,0x0000000711c7b9e8,0x0000000716b80000)
 PSPermGen       total 21504K, used 5917K [0x00000006fbe00000, 0x00000006fd300000, 0x0000000706400000)
  object space 21504K, 27% used [0x00000006fbe00000,0x00000006fc3c77f8,0x00000006fd300000)
Event: 473.147 GC heap after
Heap after GC invocations=170 (full 1):
 PSYoungGen      total 677376K, used 9231K [0x00000007acc00000, 0x00000007dc980000, 0x0000000800000000)
  eden space 665088K, 0% used [0x00000007acc00000,0x00000007acc00000,0x00000007d5580000)
  from space 12288K, 75% used [0x00000007d5580000,0x00000007d5e83e00,0x00000007d6180000)
  to   space 12800K, 0% used [0x00000007dbd00000,0x00000007dbd00000,0x00000007dc980000)
 ParOldGen       total 269824K, used 196620K [0x0000000706400000, 0x0000000716b80000, 0x00000007acc00000)
  object space 269824K, 72% used [0x0000000706400000,0x0000000712403050,0x0000000716b80000)
 PSPermGen       total 21504K, used 5917K [0x00000006fbe00000, 0x00000006fd300000, 0x0000000706400000)
  object space 21504K, 27% used [0x00000006fbe00000,0x00000006fc3c77f8,0x00000006fd300000)
}
Event: 477.299 GC heap before
{Heap before GC invocations=171 (full 1):
 PSYoungGen      total 677376K, used 674319K [0x00000007acc00000, 0x00000007dc980000, 0x0000000800000000)
  eden space 665088K, 100% used [0x00000007acc00000,0x00000007d5580000,0x00000007d5580000)
  from space 12288K, 75% used [0x00000007d5580000,0x00000007d5e83e00,0x00000007d6180000)
  to   space 12800K, 0% used [0x00000007dbd00000,0x00000007dbd00000,0x00000007dc980000)
 ParOldGen       total 269824K, used 196620K [0x0000000706400000, 0x0000000716b80000, 0x00000007acc00000)
  object space 269824K, 72% used [0x0000000706400000,0x0000000712403050,0x0000000716b80000)
 PSPermGen       total 21504K, used 5917K [0x00000006fbe00000, 0x00000006fd300000, 0x0000000706400000)
  object space 21504K, 27% used [0x00000006fbe00000,0x00000006fc3c77f8,0x00000006fd300000)
Event: 477.315 GC heap after
Heap after GC invocations=171 (full 1):
 PSYoungGen      total 761856K, used 8864K [0x00000007acc00000, 0x00000007dc600000, 0x0000000800000000)
  eden space 752640K, 0% used [0x00000007acc00000,0x00000007acc00000,0x00000007dab00000)
  from space 9216K, 96% used [0x00000007dbd00000,0x00000007dc5a8010,0x00000007dc600000)
  to   space 13312K, 0% used [0x00000007dac00000,0x00000007dac00000,0x00000007db900000)
 ParOldGen       total 269824K, used 204850K [0x0000000706400000, 0x0000000716b80000, 0x00000007acc00000)
  object space 269824K, 75% used [0x0000000706400000,0x0000000712c0c930,0x0000000716b80000)
 PSPermGen       total 21504K, used 5917K [0x00000006fbe00000, 0x00000006fd300000, 0x0000000706400000)
  object space 21504K, 27% used [0x00000006fbe00000,0x00000006fc3c77f8,0x00000006fd300000)
}
Event: 485.653 GC heap before
{Heap before GC invocations=172 (full 1):
 PSYoungGen      total 761856K, used 761504K [0x00000007acc00000, 0x00000007dc600000, 0x0000000800000000)
  eden space 752640K, 100% used [0x00000007acc00000,0x00000007dab00000,0x00000007dab00000)
  from space 9216K, 96% used [0x00000007dbd00000,0x00000007dc5a8010,0x00000007dc600000)
  to   space 13312K, 0% used [0x00000007dac00000,0x00000007dac00000,0x00000007db900000)
 ParOldGen       total 269824K, used 204850K [0x0000000706400000, 0x0000000716b80000, 0x00000007acc00000)
  object space 269824K, 75% used [0x0000000706400000,0x0000000712c0c930,0x0000000716b80000)
 PSPermGen       total 21504K, used 5917K [0x00000006fbe00000, 0x00000006fd300000, 0x0000000706400000)
  object space 21504K, 27% used [0x00000006fbe00000,0x00000006fc3c77f8,0x00000006fd300000)

