# JRE version: OpenJDK Runtime Environment (7.0_79-b14) (build 1.7.0_79-b14)
# Java VM: OpenJDK 64-Bit Server VM (24.79-b02 mixed mode linux-amd64 compressed oops)
Heap
 PSYoungGen      total 1228288K, used 0K [0x00000007acc00000, 0x00000007fa300000, 0x0000000800000000)
  eden space 1196032K, 0% used [0x00000007acc00000,0x00000007acc00000,0x00000007f5c00000)
  from space 32256K, 0% used [0x00000007f8380000,0x00000007f8380000,0x00000007fa300000)
  to   space 36352K, 0% used [0x00000007f5c00000,0x00000007f5c00000,0x00000007f7f80000)
 ParOldGen       total 284672K, used 281004K [0x0000000706400000, 0x0000000717a00000, 0x00000007acc00000)
  object space 284672K, 98% used [0x0000000706400000,0x000000071766b048,0x0000000717a00000)
 PSPermGen       total 21504K, used 5917K [0x00000006fbe00000, 0x00000006fd300000, 0x0000000706400000)
  object space 21504K, 27% used [0x00000006fbe00000,0x00000006fc3c7788,0x00000006fd300000)
GC Heap History (10 events):
Event: 222.857 GC heap after
Heap after GC invocations=65 (full 1):
 PSYoungGen      total 1028096K, used 11232K [0x00000007acc00000, 0x00000007efc80000, 0x0000000800000000)
  eden space 1016832K, 0% used [0x00000007acc00000,0x00000007acc00000,0x00000007ead00000)
  from space 11264K, 99% used [0x00000007ef180000,0x00000007efc78010,0x00000007efc80000)
  to   space 22016K, 0% used [0x00000007ed180000,0x00000007ed180000,0x00000007ee700000)
 ParOldGen       total 284672K, used 196030K [0x0000000706400000, 0x0000000717a00000, 0x00000007acc00000)
  object space 284672K, 68% used [0x0000000706400000,0x000000071236f8e8,0x0000000717a00000)
 PSPermGen       total 21504K, used 5917K [0x00000006fbe00000, 0x00000006fd300000, 0x0000000706400000)
  object space 21504K, 27% used [0x00000006fbe00000,0x00000006fc3c77a8,0x00000006fd300000)
}
Event: 228.091 GC heap before
{Heap before GC invocations=66 (full 1):
 PSYoungGen      total 1028096K, used 1028064K [0x00000007acc00000, 0x00000007efc80000, 0x0000000800000000)
  eden space 1016832K, 100% used [0x00000007acc00000,0x00000007ead00000,0x00000007ead00000)
  from space 11264K, 99% used [0x00000007ef180000,0x00000007efc78010,0x00000007efc80000)
  to   space 22016K, 0% used [0x00000007ed180000,0x00000007ed180000,0x00000007ee700000)
 ParOldGen       total 284672K, used 196030K [0x0000000706400000, 0x0000000717a00000, 0x00000007acc00000)
  object space 284672K, 68% used [0x0000000706400000,0x000000071236f8e8,0x0000000717a00000)
 PSPermGen       total 21504K, used 5917K [0x00000006fbe00000, 0x00000006fd300000, 0x0000000706400000)
  object space 21504K, 27% used [0x00000006fbe00000,0x00000006fc3c77a8,0x00000006fd300000)
Event: 228.112 GC heap after
Heap after GC invocations=66 (full 1):
 PSYoungGen      total 1076224K, used 18290K [0x00000007acc00000, 0x00000007f2900000, 0x0000000800000000)
  eden space 1054208K, 0% used [0x00000007acc00000,0x00000007acc00000,0x00000007ed180000)
  from space 22016K, 83% used [0x00000007ed180000,0x00000007ee35c9d0,0x00000007ee700000)
  to   space 24576K, 0% used [0x00000007f1100000,0x00000007f1100000,0x00000007f2900000)
 ParOldGen       total 284672K, used 206361K [0x0000000706400000, 0x0000000717a00000, 0x00000007acc00000)
  object space 284672K, 72% used [0x0000000706400000,0x0000000712d866c8,0x0000000717a00000)
 PSPermGen       total 21504K, used 5917K [0x00000006fbe00000, 0x00000006fd300000, 0x0000000706400000)
  object space 21504K, 27% used [0x00000006fbe00000,0x00000006fc3c77a8,0x00000006fd300000)
}
Event: 233.939 GC heap before
{Heap before GC invocations=67 (full 1):
 PSYoungGen      total 1076224K, used 1072498K [0x00000007acc00000, 0x00000007f2900000, 0x0000000800000000)
  eden space 1054208K, 100% used [0x00000007acc00000,0x00000007ed180000,0x00000007ed180000)
  from space 22016K, 83% used [0x00000007ed180000,0x00000007ee35c9d0,0x00000007ee700000)
  to   space 24576K, 0% used [0x00000007f1100000,0x00000007f1100000,0x00000007f2900000)
 ParOldGen       total 284672K, used 206361K [0x0000000706400000, 0x0000000717a00000, 0x00000007acc00000)
  object space 284672K, 72% used [0x0000000706400000,0x0000000712d866c8,0x0000000717a00000)
 PSPermGen       total 21504K, used 5917K [0x00000006fbe00000, 0x00000006fd300000, 0x0000000706400000)
  object space 21504K, 27% used [0x00000006fbe00000,0x00000006fc3c77a8,0x00000006fd300000)
Event: 234.092 GC heap after
Heap after GC invocations=67 (full 1):
 PSYoungGen      total 1110528K, used 24545K [0x00000007acc00000, 0x00000007f8180000, 0x0000000800000000)
  eden space 1085952K, 0% used [0x00000007acc00000,0x00000007acc00000,0x00000007ef080000)
  from space 24576K, 99% used [0x00000007f1100000,0x00000007f28f8690,0x00000007f2900000)
  to   space 33280K, 0% used [0x00000007ef080000,0x00000007ef080000,0x00000007f1100000)
 ParOldGen       total 284672K, used 220061K [0x0000000706400000, 0x0000000717a00000, 0x00000007acc00000)
  object space 284672K, 77% used [0x0000000706400000,0x0000000713ae7660,0x0000000717a00000)
 PSPermGen       total 21504K, used 5917K [0x00000006fbe00000, 0x00000006fd300000, 0x0000000706400000)
  object space 21504K, 27% used [0x00000006fbe00000,0x00000006fc3c77a8,0x00000006fd300000)
}
Event: 240.189 GC heap before
{Heap before GC invocations=68 (full 1):
 PSYoungGen      total 1110528K, used 1110497K [0x00000007acc00000, 0x00000007f8180000, 0x0000000800000000)
  eden space 1085952K, 100% used [0x00000007acc00000,0x00000007ef080000,0x00000007ef080000)
  from space 24576K, 99% used [0x00000007f1100000,0x00000007f28f8690,0x00000007f2900000)
  to   space 33280K, 0% used [0x00000007ef080000,0x00000007ef080000,0x00000007f1100000)
 ParOldGen       total 284672K, used 220061K [0x0000000706400000, 0x0000000717a00000, 0x00000007acc00000)
  object space 284672K, 77% used [0x0000000706400000,0x0000000713ae7660,0x0000000717a00000)
 PSPermGen       total 21504K, used 5917K [0x00000006fbe00000, 0x00000006fd300000, 0x0000000706400000)
  object space 21504K, 27% used [0x00000006fbe00000,0x00000006fc3c77a8,0x00000006fd300000)
Event: 240.244 GC heap after
Heap after GC invocations=68 (full 1):
 PSYoungGen      total 1119232K, used 22643K [0x00000007acc00000, 0x00000007fa600000, 0x0000000800000000)
  eden space 1085952K, 0% used [0x00000007acc00000,0x00000007acc00000,0x00000007ef080000)
  from space 33280K, 68% used [0x00000007ef080000,0x00000007f069ccd0,0x00000007f1100000)
  to   space 35328K, 0% used [0x00000007f8380000,0x00000007f8380000,0x00000007fa600000)
 ParOldGen       total 284672K, used 242611K [0x0000000706400000, 0x0000000717a00000, 0x00000007acc00000)
  object space 284672K, 85% used [0x0000000706400000,0x00000007150ecd70,0x0000000717a00000)
 PSPermGen       total 21504K, used 5917K [0x00000006fbe00000, 0x00000006fd300000, 0x0000000706400000)
  object space 21504K, 27% used [0x00000006fbe00000,0x00000006fc3c77a8,0x00000006fd300000)
}
Event: 246.359 GC heap before
{Heap before GC invocations=69 (full 1):
 PSYoungGen      total 1119232K, used 1108595K [0x00000007acc00000, 0x00000007fa600000, 0x0000000800000000)
  eden space 1085952K, 100% used [0x00000007acc00000,0x00000007ef080000,0x00000007ef080000)
  from space 33280K, 68% used [0x00000007ef080000,0x00000007f069ccd0,0x00000007f1100000)
  to   space 35328K, 0% used [0x00000007f8380000,0x00000007f8380000,0x00000007fa600000)
 ParOldGen       total 284672K, used 242611K [0x0000000706400000, 0x0000000717a00000, 0x00000007acc00000)
  object space 284672K, 85% used [0x0000000706400000,0x00000007150ecd70,0x0000000717a00000)
 PSPermGen       total 21504K, used 5917K [0x00000006fbe00000, 0x00000006fd300000, 0x0000000706400000)
  object space 21504K, 27% used [0x00000006fbe00000,0x00000006fc3c77a8,0x00000006fd300000)
Event: 246.400 GC heap after
Heap after GC invocations=69 (full 1):
 PSYoungGen      total 1228288K, used 22488K [0x00000007acc00000, 0x00000007fa300000, 0x0000000800000000)
  eden space 1196032K, 0% used [0x00000007acc00000,0x00000007acc00000,0x00000007f5c00000)
  from space 32256K, 69% used [0x00000007f8380000,0x00000007f9976258,0x00000007fa300000)
  to   space 36352K, 0% used [0x00000007f5c00000,0x00000007f5c00000,0x00000007f7f80000)
 ParOldGen       total 284672K, used 263020K [0x0000000706400000, 0x0000000717a00000, 0x00000007acc00000)
  object space 284672K, 92% used [0x0000000706400000,0x00000007164db140,0x0000000717a00000)
 PSPermGen       total 21504K, used 5917K [0x00000006fbe00000, 0x00000006fd300000, 0x0000000706400000)
  object space 21504K, 27% used [0x00000006fbe00000,0x00000006fc3c77a8,0x00000006fd300000)
}
Event: 246.401 GC heap before
{Heap before GC invocations=70 (full 2):
 PSYoungGen      total 1228288K, used 22488K [0x00000007acc00000, 0x00000007fa300000, 0x0000000800000000)
  eden space 1196032K, 0% used [0x00000007acc00000,0x00000007acc00000,0x00000007f5c00000)
  from space 32256K, 69% used [0x00000007f8380000,0x00000007f9976258,0x00000007fa300000)
  to   space 36352K, 0% used [0x00000007f5c00000,0x00000007f5c00000,0x00000007f7f80000)
 ParOldGen       total 284672K, used 263020K [0x0000000706400000, 0x0000000717a00000, 0x00000007acc00000)
  object space 284672K, 92% used [0x0000000706400000,0x00000007164db140,0x0000000717a00000)
 PSPermGen       total 21504K, used 5917K [0x00000006fbe00000, 0x00000006fd300000, 0x0000000706400000)
  object space 21504K, 27% used [0x00000006fbe00000,0x00000006fc3c77a8,0x00000006fd300000)

