# JRE version: OpenJDK Runtime Environment (7.0_79-b14) (build 1.7.0_79-b14)
# Java VM: OpenJDK 64-Bit Server VM (24.79-b02 mixed mode linux-amd64 compressed oops)
Heap
 PSYoungGen      total 873472K, used 438K [0x00000007acc00000, 0x00000007e4900000, 0x0000000800000000)
  eden space 832512K, 0% used [0x00000007acc00000,0x00000007acc00000,0x00000007df900000)
  from space 40960K, 1% used [0x00000007df900000,0x00000007df96dba8,0x00000007e2100000)
  to   space 39936K, 0% used [0x00000007e2200000,0x00000007e2200000,0x00000007e4900000)
 ParOldGen       total 170496K, used 81602K [0x0000000706400000, 0x0000000710a80000, 0x00000007acc00000)
  object space 170496K, 47% used [0x0000000706400000,0x000000070b3b0af8,0x0000000710a80000)
 PSPermGen       total 21504K, used 5483K [0x00000006fbe00000, 0x00000006fd300000, 0x0000000706400000)
  object space 21504K, 25% used [0x00000006fbe00000,0x00000006fc35af10,0x00000006fd300000)
GC Heap History (10 events):
Event: 82.037 GC heap after
Heap after GC invocations=6 (full 0):
 PSYoungGen      total 304640K, used 11824K [0x00000007acc00000, 0x00000007c2900000, 0x0000000800000000)
  eden space 260096K, 0% used [0x00000007acc00000,0x00000007acc00000,0x00000007bca00000)
  from space 44544K, 26% used [0x00000007bfd80000,0x00000007c090c030,0x00000007c2900000)
  to   space 48640K, 0% used [0x00000007bca00000,0x00000007bca00000,0x00000007bf980000)
 ParOldGen       total 170496K, used 60773K [0x0000000706400000, 0x0000000710a80000, 0x00000007acc00000)
  object space 170496K, 35% used [0x0000000706400000,0x0000000709f59790,0x0000000710a80000)
 PSPermGen       total 21504K, used 5361K [0x00000006fbe00000, 0x00000006fd300000, 0x0000000706400000)
  object space 21504K, 24% used [0x00000006fbe00000,0x00000006fc33c7a0,0x00000006fd300000)
}
Event: 87.588 GC heap before
{Heap before GC invocations=7 (full 0):
 PSYoungGen      total 304640K, used 271920K [0x00000007acc00000, 0x00000007c2900000, 0x0000000800000000)
  eden space 260096K, 100% used [0x00000007acc00000,0x00000007bca00000,0x00000007bca00000)
  from space 44544K, 26% used [0x00000007bfd80000,0x00000007c090c030,0x00000007c2900000)
  to   space 48640K, 0% used [0x00000007bca00000,0x00000007bca00000,0x00000007bf980000)
 ParOldGen       total 170496K, used 60773K [0x0000000706400000, 0x0000000710a80000, 0x00000007acc00000)
  object space 170496K, 35% used [0x0000000706400000,0x0000000709f59790,0x0000000710a80000)
 PSPermGen       total 21504K, used 5363K [0x00000006fbe00000, 0x00000006fd300000, 0x0000000706400000)
  object space 21504K, 24% used [0x00000006fbe00000,0x00000006fc33cd18,0x00000006fd300000)
Event: 87.636 GC heap after
Heap after GC invocations=7 (full 0):
 PSYoungGen      total 308736K, used 13888K [0x00000007acc00000, 0x00000007d2000000, 0x0000000800000000)
  eden space 260096K, 0% used [0x00000007acc00000,0x00000007acc00000,0x00000007bca00000)
  from space 48640K, 28% used [0x00000007bca00000,0x00000007bd790020,0x00000007bf980000)
  to   space 45056K, 0% used [0x00000007cf400000,0x00000007cf400000,0x00000007d2000000)
 ParOldGen       total 170496K, used 61330K [0x0000000706400000, 0x0000000710a80000, 0x00000007acc00000)
  object space 170496K, 35% used [0x0000000706400000,0x0000000709fe4ab8,0x0000000710a80000)
 PSPermGen       total 21504K, used 5363K [0x00000006fbe00000, 0x00000006fd300000, 0x0000000706400000)
  object space 21504K, 24% used [0x00000006fbe00000,0x00000006fc33cd18,0x00000006fd300000)
}
Event: 91.011 GC heap before
{Heap before GC invocations=8 (full 0):
 PSYoungGen      total 308736K, used 273984K [0x00000007acc00000, 0x00000007d2000000, 0x0000000800000000)
  eden space 260096K, 100% used [0x00000007acc00000,0x00000007bca00000,0x00000007bca00000)
  from space 48640K, 28% used [0x00000007bca00000,0x00000007bd790020,0x00000007bf980000)
  to   space 45056K, 0% used [0x00000007cf400000,0x00000007cf400000,0x00000007d2000000)
 ParOldGen       total 170496K, used 61330K [0x0000000706400000, 0x0000000710a80000, 0x00000007acc00000)
  object space 170496K, 35% used [0x0000000706400000,0x0000000709fe4ab8,0x0000000710a80000)
 PSPermGen       total 21504K, used 5363K [0x00000006fbe00000, 0x00000006fd300000, 0x0000000706400000)
  object space 21504K, 24% used [0x00000006fbe00000,0x00000006fc33cd18,0x00000006fd300000)
Event: 91.091 GC heap after
Heap after GC invocations=8 (full 0):
 PSYoungGen      total 562176K, used 8192K [0x00000007acc00000, 0x00000007d1d00000, 0x0000000800000000)
  eden space 520192K, 0% used [0x00000007acc00000,0x00000007acc00000,0x00000007cc800000)
  from space 41984K, 19% used [0x00000007cf400000,0x00000007cfc00020,0x00000007d1d00000)
  to   space 43520K, 0% used [0x00000007cc800000,0x00000007cc800000,0x00000007cf280000)
 ParOldGen       total 170496K, used 69578K [0x0000000706400000, 0x0000000710a80000, 0x00000007acc00000)
  object space 170496K, 40% used [0x0000000706400000,0x000000070a7f2ab8,0x0000000710a80000)
 PSPermGen       total 21504K, used 5363K [0x00000006fbe00000, 0x00000006fd300000, 0x0000000706400000)
  object space 21504K, 24% used [0x00000006fbe00000,0x00000006fc33cd18,0x00000006fd300000)
}
Event: 102.109 GC heap before
{Heap before GC invocations=9 (full 0):
 PSYoungGen      total 562176K, used 528384K [0x00000007acc00000, 0x00000007d1d00000, 0x0000000800000000)
  eden space 520192K, 100% used [0x00000007acc00000,0x00000007cc800000,0x00000007cc800000)
  from space 41984K, 19% used [0x00000007cf400000,0x00000007cfc00020,0x00000007d1d00000)
  to   space 43520K, 0% used [0x00000007cc800000,0x00000007cc800000,0x00000007cf280000)
 ParOldGen       total 170496K, used 69578K [0x0000000706400000, 0x0000000710a80000, 0x00000007acc00000)
  object space 170496K, 40% used [0x0000000706400000,0x000000070a7f2ab8,0x0000000710a80000)
 PSPermGen       total 21504K, used 5468K [0x00000006fbe00000, 0x00000006fd300000, 0x0000000706400000)
  object space 21504K, 25% used [0x00000006fbe00000,0x00000006fc3570e0,0x00000006fd300000)
Event: 102.293 GC heap after
Heap after GC invocations=9 (full 0):
 PSYoungGen      total 563712K, used 8960K [0x00000007acc00000, 0x00000007e4b00000, 0x0000000800000000)
  eden space 520192K, 0% used [0x00000007acc00000,0x00000007acc00000,0x00000007cc800000)
  from space 43520K, 20% used [0x00000007cc800000,0x00000007cd0c0020,0x00000007cf280000)
  to   space 41984K, 0% used [0x00000007e2200000,0x00000007e2200000,0x00000007e4b00000)
 ParOldGen       total 170496K, used 72482K [0x0000000706400000, 0x0000000710a80000, 0x00000007acc00000)
  object space 170496K, 42% used [0x0000000706400000,0x000000070aac8ab8,0x0000000710a80000)
 PSPermGen       total 21504K, used 5468K [0x00000006fbe00000, 0x00000006fd300000, 0x0000000706400000)
  object space 21504K, 25% used [0x00000006fbe00000,0x00000006fc3570e0,0x00000006fd300000)
}
Event: 110.283 GC heap before
{Heap before GC invocations=10 (full 0):
 PSYoungGen      total 563712K, used 529152K [0x00000007acc00000, 0x00000007e4b00000, 0x0000000800000000)
  eden space 520192K, 100% used [0x00000007acc00000,0x00000007cc800000,0x00000007cc800000)
  from space 43520K, 20% used [0x00000007cc800000,0x00000007cd0c0020,0x00000007cf280000)
  to   space 41984K, 0% used [0x00000007e2200000,0x00000007e2200000,0x00000007e4b00000)
 ParOldGen       total 170496K, used 72482K [0x0000000706400000, 0x0000000710a80000, 0x00000007acc00000)
  object space 170496K, 42% used [0x0000000706400000,0x000000070aac8ab8,0x0000000710a80000)
 PSPermGen       total 21504K, used 5482K [0x00000006fbe00000, 0x00000006fd300000, 0x0000000706400000)
  object space 21504K, 25% used [0x00000006fbe00000,0x00000006fc35abf8,0x00000006fd300000)
Event: 110.317 GC heap after
Heap after GC invocations=10 (full 0):
 PSYoungGen      total 872448K, used 3920K [0x00000007acc00000, 0x00000007e4900000, 0x0000000800000000)
  eden space 832512K, 0% used [0x00000007acc00000,0x00000007acc00000,0x00000007df900000)
  from space 39936K, 9% used [0x00000007e2200000,0x00000007e25d4020,0x00000007e4900000)
  to   space 40960K, 0% used [0x00000007df900000,0x00000007df900000,0x00000007e2100000)
 ParOldGen       total 170496K, used 77722K [0x0000000706400000, 0x0000000710a80000, 0x00000007acc00000)
  object space 170496K, 45% used [0x0000000706400000,0x000000070afe6ac8,0x0000000710a80000)
 PSPermGen       total 21504K, used 5482K [0x00000006fbe00000, 0x00000006fd300000, 0x0000000706400000)
  object space 21504K, 25% used [0x00000006fbe00000,0x00000006fc35abf8,0x00000006fd300000)
}
Event: 126.789 GC heap before
{Heap before GC invocations=11 (full 0):
 PSYoungGen      total 872448K, used 836432K [0x00000007acc00000, 0x00000007e4900000, 0x0000000800000000)
  eden space 832512K, 100% used [0x00000007acc00000,0x00000007df900000,0x00000007df900000)
  from space 39936K, 9% used [0x00000007e2200000,0x00000007e25d4020,0x00000007e4900000)
  to   space 40960K, 0% used [0x00000007df900000,0x00000007df900000,0x00000007e2100000)
 ParOldGen       total 170496K, used 77722K [0x0000000706400000, 0x0000000710a80000, 0x00000007acc00000)
  object space 170496K, 45% used [0x0000000706400000,0x000000070afe6ac8,0x0000000710a80000)
 PSPermGen       total 21504K, used 5483K [0x00000006fbe00000, 0x00000006fd300000, 0x0000000706400000)
  object space 21504K, 25% used [0x00000006fbe00000,0x00000006fc35af10,0x00000006fd300000)

