# JRE version: OpenJDK Runtime Environment (7.0_79-b14) (build 1.7.0_79-b14)
# Java VM: OpenJDK 64-Bit Server VM (24.79-b02 mixed mode linux-amd64 compressed oops)
Heap
 PSYoungGen      total 792064K, used 2528K [0x00000007acc00000, 0x00000007dd480000, 0x0000000800000000)
  eden space 788992K, 0% used [0x00000007acc00000,0x00000007acc00000,0x00000007dce80000)
  from space 3072K, 82% used [0x00000007dce80000,0x00000007dd0f8020,0x00000007dd180000)
  to   space 3072K, 0% used [0x00000007dd180000,0x00000007dd180000,0x00000007dd480000)
 ParOldGen       total 170496K, used 112495K [0x0000000706400000, 0x0000000710a80000, 0x00000007acc00000)
  object space 170496K, 65% used [0x0000000706400000,0x000000070d1dbd28,0x0000000710a80000)
 PSPermGen       total 21504K, used 5905K [0x00000006fbe00000, 0x00000006fd300000, 0x0000000706400000)
  object space 21504K, 27% used [0x00000006fbe00000,0x00000006fc3c44f8,0x00000006fd300000)
GC Heap History (10 events):
Event: 381.492 GC heap after
Heap after GC invocations=84 (full 0):
 PSYoungGen      total 549888K, used 448K [0x00000007acc00000, 0x00000007d3200000, 0x0000000800000000)
  eden space 549376K, 0% used [0x00000007acc00000,0x00000007acc00000,0x00000007ce480000)
  from space 512K, 87% used [0x00000007d3180000,0x00000007d31f0010,0x00000007d3200000)
  to   space 1024K, 0% used [0x00000007d3000000,0x00000007d3000000,0x00000007d3100000)
 ParOldGen       total 170496K, used 103488K [0x0000000706400000, 0x0000000710a80000, 0x00000007acc00000)
  object space 170496K, 60% used [0x0000000706400000,0x000000070c9102b8,0x0000000710a80000)
 PSPermGen       total 21504K, used 5685K [0x00000006fbe00000, 0x00000006fd300000, 0x0000000706400000)
  object space 21504K, 26% used [0x00000006fbe00000,0x00000006fc38d408,0x00000006fd300000)
}
Event: 384.168 GC heap before
{Heap before GC invocations=85 (full 0):
 PSYoungGen      total 549888K, used 549824K [0x00000007acc00000, 0x00000007d3200000, 0x0000000800000000)
  eden space 549376K, 100% used [0x00000007acc00000,0x00000007ce480000,0x00000007ce480000)
  from space 512K, 87% used [0x00000007d3180000,0x00000007d31f0010,0x00000007d3200000)
  to   space 1024K, 0% used [0x00000007d3000000,0x00000007d3000000,0x00000007d3100000)
 ParOldGen       total 170496K, used 103488K [0x0000000706400000, 0x0000000710a80000, 0x00000007acc00000)
  object space 170496K, 60% used [0x0000000706400000,0x000000070c9102b8,0x0000000710a80000)
 PSPermGen       total 21504K, used 5810K [0x00000006fbe00000, 0x00000006fd300000, 0x0000000706400000)
  object space 21504K, 27% used [0x00000006fbe00000,0x00000006fc3acbc0,0x00000006fd300000)
Event: 384.185 GC heap after
Heap after GC invocations=85 (full 0):
 PSYoungGen      total 627712K, used 735K [0x00000007acc00000, 0x00000007d5200000, 0x0000000800000000)
  eden space 626688K, 0% used [0x00000007acc00000,0x00000007acc00000,0x00000007d3000000)
  from space 1024K, 71% used [0x00000007d3000000,0x00000007d30b7e48,0x00000007d3100000)
  to   space 1024K, 0% used [0x00000007d5100000,0x00000007d5100000,0x00000007d5200000)
 ParOldGen       total 170496K, used 103808K [0x0000000706400000, 0x0000000710a80000, 0x00000007acc00000)
  object space 170496K, 60% used [0x0000000706400000,0x000000070c9602b8,0x0000000710a80000)
 PSPermGen       total 21504K, used 5810K [0x00000006fbe00000, 0x00000006fd300000, 0x0000000706400000)
  object space 21504K, 27% used [0x00000006fbe00000,0x00000006fc3acbc0,0x00000006fd300000)
}
Event: 387.252 GC heap before
{Heap before GC invocations=86 (full 0):
 PSYoungGen      total 627712K, used 627423K [0x00000007acc00000, 0x00000007d5200000, 0x0000000800000000)
  eden space 626688K, 100% used [0x00000007acc00000,0x00000007d3000000,0x00000007d3000000)
  from space 1024K, 71% used [0x00000007d3000000,0x00000007d30b7e48,0x00000007d3100000)
  to   space 1024K, 0% used [0x00000007d5100000,0x00000007d5100000,0x00000007d5200000)
 ParOldGen       total 170496K, used 103808K [0x0000000706400000, 0x0000000710a80000, 0x00000007acc00000)
  object space 170496K, 60% used [0x0000000706400000,0x000000070c9602b8,0x0000000710a80000)
 PSPermGen       total 21504K, used 5899K [0x00000006fbe00000, 0x00000006fd300000, 0x0000000706400000)
  object space 21504K, 27% used [0x00000006fbe00000,0x00000006fc3c2cf0,0x00000006fd300000)
Event: 387.283 GC heap after
Heap after GC invocations=86 (full 0):
 PSYoungGen      total 658432K, used 992K [0x00000007acc00000, 0x00000007db080000, 0x0000000800000000)
  eden space 657408K, 0% used [0x00000007acc00000,0x00000007acc00000,0x00000007d4e00000)
  from space 1024K, 96% used [0x00000007d5100000,0x00000007d51f8010,0x00000007d5200000)
  to   space 3072K, 0% used [0x00000007d4e00000,0x00000007d4e00000,0x00000007d5100000)
 ParOldGen       total 170496K, used 108077K [0x0000000706400000, 0x0000000710a80000, 0x00000007acc00000)
  object space 170496K, 63% used [0x0000000706400000,0x000000070cd8b6d0,0x0000000710a80000)
 PSPermGen       total 21504K, used 5899K [0x00000006fbe00000, 0x00000006fd300000, 0x0000000706400000)
  object space 21504K, 27% used [0x00000006fbe00000,0x00000006fc3c2cf0,0x00000006fd300000)
}
Event: 390.229 GC heap before
{Heap before GC invocations=87 (full 0):
 PSYoungGen      total 658432K, used 658400K [0x00000007acc00000, 0x00000007db080000, 0x0000000800000000)
  eden space 657408K, 100% used [0x00000007acc00000,0x00000007d4e00000,0x00000007d4e00000)
  from space 1024K, 96% used [0x00000007d5100000,0x00000007d51f8010,0x00000007d5200000)
  to   space 3072K, 0% used [0x00000007d4e00000,0x00000007d4e00000,0x00000007d5100000)
 ParOldGen       total 170496K, used 108077K [0x0000000706400000, 0x0000000710a80000, 0x00000007acc00000)
  object space 170496K, 63% used [0x0000000706400000,0x000000070cd8b6d0,0x0000000710a80000)
 PSPermGen       total 21504K, used 5901K [0x00000006fbe00000, 0x00000006fd300000, 0x0000000706400000)
  object space 21504K, 27% used [0x00000006fbe00000,0x00000006fc3c36c8,0x00000006fd300000)
Event: 390.309 GC heap after
Heap after GC invocations=87 (full 0):
 PSYoungGen      total 660480K, used 1952K [0x00000007acc00000, 0x00000007dd480000, 0x0000000800000000)
  eden space 657408K, 0% used [0x00000007acc00000,0x00000007acc00000,0x00000007d4e00000)
  from space 3072K, 63% used [0x00000007d4e00000,0x00000007d4fe8010,0x00000007d5100000)
  to   space 3072K, 0% used [0x00000007dd180000,0x00000007dd180000,0x00000007dd480000)
 ParOldGen       total 170496K, used 108997K [0x0000000706400000, 0x0000000710a80000, 0x00000007acc00000)
  object space 170496K, 63% used [0x0000000706400000,0x000000070ce716d0,0x0000000710a80000)
 PSPermGen       total 21504K, used 5901K [0x00000006fbe00000, 0x00000006fd300000, 0x0000000706400000)
  object space 21504K, 27% used [0x00000006fbe00000,0x00000006fc3c36c8,0x00000006fd300000)
}
Event: 395.356 GC heap before
{Heap before GC invocations=88 (full 0):
 PSYoungGen      total 660480K, used 659360K [0x00000007acc00000, 0x00000007dd480000, 0x0000000800000000)
  eden space 657408K, 100% used [0x00000007acc00000,0x00000007d4e00000,0x00000007d4e00000)
  from space 3072K, 63% used [0x00000007d4e00000,0x00000007d4fe8010,0x00000007d5100000)
  to   space 3072K, 0% used [0x00000007dd180000,0x00000007dd180000,0x00000007dd480000)
 ParOldGen       total 170496K, used 108997K [0x0000000706400000, 0x0000000710a80000, 0x00000007acc00000)
  object space 170496K, 63% used [0x0000000706400000,0x000000070ce716d0,0x0000000710a80000)
 PSPermGen       total 21504K, used 5902K [0x00000006fbe00000, 0x00000006fd300000, 0x0000000706400000)
  object space 21504K, 27% used [0x00000006fbe00000,0x00000006fc3c3bd8,0x00000006fd300000)
Event: 395.400 GC heap after
Heap after GC invocations=88 (full 0):
 PSYoungGen      total 792064K, used 1824K [0x00000007acc00000, 0x00000007dd480000, 0x0000000800000000)
  eden space 788992K, 0% used [0x00000007acc00000,0x00000007acc00000,0x00000007dce80000)
  from space 3072K, 59% used [0x00000007dd180000,0x00000007dd348010,0x00000007dd480000)
  to   space 3072K, 0% used [0x00000007dce80000,0x00000007dce80000,0x00000007dd180000)
 ParOldGen       total 170496K, used 110754K [0x0000000706400000, 0x0000000710a80000, 0x00000007acc00000)
  object space 170496K, 64% used [0x0000000706400000,0x000000070d028ac0,0x0000000710a80000)
 PSPermGen       total 21504K, used 5902K [0x00000006fbe00000, 0x00000006fd300000, 0x0000000706400000)
  object space 21504K, 27% used [0x00000006fbe00000,0x00000006fc3c3bd8,0x00000006fd300000)
}
Event: 400.498 GC heap before
{Heap before GC invocations=89 (full 0):
 PSYoungGen      total 792064K, used 790816K [0x00000007acc00000, 0x00000007dd480000, 0x0000000800000000)
  eden space 788992K, 100% used [0x00000007acc00000,0x00000007dce80000,0x00000007dce80000)
  from space 3072K, 59% used [0x00000007dd180000,0x00000007dd348010,0x00000007dd480000)
  to   space 3072K, 0% used [0x00000007dce80000,0x00000007dce80000,0x00000007dd180000)
 ParOldGen       total 170496K, used 110754K [0x0000000706400000, 0x0000000710a80000, 0x00000007acc00000)
  object space 170496K, 64% used [0x0000000706400000,0x000000070d028ac0,0x0000000710a80000)
 PSPermGen       total 21504K, used 5905K [0x00000006fbe00000, 0x00000006fd300000, 0x0000000706400000)
  object space 21504K, 27% used [0x00000006fbe00000,0x00000006fc3c44f8,0x00000006fd300000)

