# JRE version: OpenJDK Runtime Environment (7.0_79-b14) (build 1.7.0_79-b14)
# Java VM: OpenJDK 64-Bit Server VM (24.79-b02 mixed mode linux-amd64 compressed oops)
Heap
 PSYoungGen      total 1093632K, used 28342K [0x00000007acc00000, 0x00000007fff80000, 0x0000000800000000)
  eden space 849408K, 0% used [0x00000007acc00000,0x00000007acc00000,0x00000007e0980000)
  from space 244224K, 11% used [0x00000007e0980000,0x00000007e252d9a0,0x00000007ef800000)
  to   space 239104K, 0% used [0x00000007f1600000,0x00000007f1600000,0x00000007fff80000)
 ParOldGen       total 1107456K, used 1107196K [0x0000000706400000, 0x0000000749d80000, 0x00000007acc00000)
  object space 1107456K, 99% used [0x0000000706400000,0x0000000749d3f238,0x0000000749d80000)
 PSPermGen       total 21504K, used 5917K [0x00000006fbe00000, 0x00000006fd300000, 0x0000000706400000)
  object space 21504K, 27% used [0x00000006fbe00000,0x00000006fc3c7788,0x00000006fd300000)
GC Heap History (10 events):
Event: 493.676 GC heap after
Heap after GC invocations=119 (full 4):
 PSYoungGen      total 1081856K, used 146312K [0x00000007acc00000, 0x00000007ffb80000, 0x0000000800000000)
  eden space 799744K, 0% used [0x00000007acc00000,0x00000007acc00000,0x00000007dd900000)
  from space 282112K, 51% used [0x00000007dd900000,0x00000007e67e2330,0x00000007eec80000)
  to   space 276992K, 0% used [0x00000007eed00000,0x00000007eed00000,0x00000007ffb80000)
 ParOldGen       total 1107456K, used 951859K [0x0000000706400000, 0x0000000749d80000, 0x00000007acc00000)
  object space 1107456K, 85% used [0x0000000706400000,0x000000074058cd58,0x0000000749d80000)
 PSPermGen       total 21504K, used 5917K [0x00000006fbe00000, 0x00000006fd300000, 0x0000000706400000)
  object space 21504K, 27% used [0x00000006fbe00000,0x00000006fc3c7788,0x00000006fd300000)
}
Event: 498.100 GC heap before
{Heap before GC invocations=120 (full 4):
 PSYoungGen      total 1081856K, used 946056K [0x00000007acc00000, 0x00000007ffb80000, 0x0000000800000000)
  eden space 799744K, 100% used [0x00000007acc00000,0x00000007dd900000,0x00000007dd900000)
  from space 282112K, 51% used [0x00000007dd900000,0x00000007e67e2330,0x00000007eec80000)
  to   space 276992K, 0% used [0x00000007eed00000,0x00000007eed00000,0x00000007ffb80000)
 ParOldGen       total 1107456K, used 951859K [0x0000000706400000, 0x0000000749d80000, 0x00000007acc00000)
  object space 1107456K, 85% used [0x0000000706400000,0x000000074058cd58,0x0000000749d80000)
 PSPermGen       total 21504K, used 5917K [0x00000006fbe00000, 0x00000006fd300000, 0x0000000706400000)
  object space 21504K, 27% used [0x00000006fbe00000,0x00000006fc3c7788,0x00000006fd300000)
Event: 498.232 GC heap after
Heap after GC invocations=120 (full 4):
 PSYoungGen      total 1053696K, used 123132K [0x00000007acc00000, 0x00000007fe000000, 0x0000000800000000)
  eden space 804864K, 0% used [0x00000007acc00000,0x00000007acc00000,0x00000007dde00000)
  from space 248832K, 49% used [0x00000007eed00000,0x00000007f653f158,0x00000007fe000000)
  to   space 263168K, 0% used [0x00000007dde00000,0x00000007dde00000,0x00000007edf00000)
 ParOldGen       total 1107456K, used 986687K [0x0000000706400000, 0x0000000749d80000, 0x00000007acc00000)
  object space 1107456K, 89% used [0x0000000706400000,0x000000074278fda8,0x0000000749d80000)
 PSPermGen       total 21504K, used 5917K [0x00000006fbe00000, 0x00000006fd300000, 0x0000000706400000)
  object space 21504K, 27% used [0x00000006fbe00000,0x00000006fc3c7788,0x00000006fd300000)
}
Event: 502.936 GC heap before
{Heap before GC invocations=121 (full 4):
 PSYoungGen      total 1053696K, used 927996K [0x00000007acc00000, 0x00000007fe000000, 0x0000000800000000)
  eden space 804864K, 100% used [0x00000007acc00000,0x00000007dde00000,0x00000007dde00000)
  from space 248832K, 49% used [0x00000007eed00000,0x00000007f653f158,0x00000007fe000000)
  to   space 263168K, 0% used [0x00000007dde00000,0x00000007dde00000,0x00000007edf00000)
 ParOldGen       total 1107456K, used 986687K [0x0000000706400000, 0x0000000749d80000, 0x00000007acc00000)
  object space 1107456K, 89% used [0x0000000706400000,0x000000074278fda8,0x0000000749d80000)
 PSPermGen       total 21504K, used 5917K [0x00000006fbe00000, 0x00000006fd300000, 0x0000000706400000)
  object space 21504K, 27% used [0x00000006fbe00000,0x00000006fc3c7788,0x00000006fd300000)
Event: 503.058 GC heap after
Heap after GC invocations=121 (full 4):
 PSYoungGen      total 1068032K, used 101055K [0x00000007acc00000, 0x00000007ff700000, 0x0000000800000000)
  eden space 804864K, 0% used [0x00000007acc00000,0x00000007acc00000,0x00000007dde00000)
  from space 263168K, 38% used [0x00000007dde00000,0x00000007e40afc28,0x00000007edf00000)
  to   space 251392K, 0% used [0x00000007f0180000,0x00000007f0180000,0x00000007ff700000)
 ParOldGen       total 1107456K, used 1021214K [0x0000000706400000, 0x0000000749d80000, 0x00000007acc00000)
  object space 1107456K, 92% used [0x0000000706400000,0x00000007449478d8,0x0000000749d80000)
 PSPermGen       total 21504K, used 5917K [0x00000006fbe00000, 0x00000006fd300000, 0x0000000706400000)
  object space 21504K, 27% used [0x00000006fbe00000,0x00000006fc3c7788,0x00000006fd300000)
}
Event: 511.862 GC heap before
{Heap before GC invocations=122 (full 4):
 PSYoungGen      total 1068032K, used 905919K [0x00000007acc00000, 0x00000007ff700000, 0x0000000800000000)
  eden space 804864K, 100% used [0x00000007acc00000,0x00000007dde00000,0x00000007dde00000)
  from space 263168K, 38% used [0x00000007dde00000,0x00000007e40afc28,0x00000007edf00000)
  to   space 251392K, 0% used [0x00000007f0180000,0x00000007f0180000,0x00000007ff700000)
 ParOldGen       total 1107456K, used 1021214K [0x0000000706400000, 0x0000000749d80000, 0x00000007acc00000)
  object space 1107456K, 92% used [0x0000000706400000,0x00000007449478d8,0x0000000749d80000)
 PSPermGen       total 21504K, used 5917K [0x00000006fbe00000, 0x00000006fd300000, 0x0000000706400000)
  object space 21504K, 27% used [0x00000006fbe00000,0x00000006fc3c7788,0x00000006fd300000)
Event: 512.289 GC heap after
Heap after GC invocations=122 (full 4):
 PSYoungGen      total 1083904K, used 81958K [0x00000007acc00000, 0x00000007fe680000, 0x0000000800000000)
  eden space 849408K, 0% used [0x00000007acc00000,0x00000007acc00000,0x00000007e0980000)
  from space 234496K, 34% used [0x00000007f0180000,0x00000007f51899f0,0x00000007fe680000)
  to   space 244224K, 0% used [0x00000007e0980000,0x00000007e0980000,0x00000007ef800000)
 ParOldGen       total 1107456K, used 1052608K [0x0000000706400000, 0x0000000749d80000, 0x00000007acc00000)
  object space 1107456K, 95% used [0x0000000706400000,0x00000007467f00a8,0x0000000749d80000)
 PSPermGen       total 21504K, used 5917K [0x00000006fbe00000, 0x00000006fd300000, 0x0000000706400000)
  object space 21504K, 27% used [0x00000006fbe00000,0x00000006fc3c7788,0x00000006fd300000)
}
Event: 519.072 GC heap before
{Heap before GC invocations=123 (full 4):
 PSYoungGen      total 1083904K, used 931366K [0x00000007acc00000, 0x00000007fe680000, 0x0000000800000000)
  eden space 849408K, 100% used [0x00000007acc00000,0x00000007e0980000,0x00000007e0980000)
  from space 234496K, 34% used [0x00000007f0180000,0x00000007f51899f0,0x00000007fe680000)
  to   space 244224K, 0% used [0x00000007e0980000,0x00000007e0980000,0x00000007ef800000)
 ParOldGen       total 1107456K, used 1052608K [0x0000000706400000, 0x0000000749d80000, 0x00000007acc00000)
  object space 1107456K, 95% used [0x0000000706400000,0x00000007467f00a8,0x0000000749d80000)
 PSPermGen       total 21504K, used 5917K [0x00000006fbe00000, 0x00000006fd300000, 0x0000000706400000)
  object space 21504K, 27% used [0x00000006fbe00000,0x00000006fc3c7788,0x00000006fd300000)
Event: 519.176 GC heap after
Heap after GC invocations=123 (full 4):
 PSYoungGen      total 1093632K, used 66056K [0x00000007acc00000, 0x00000007fff80000, 0x0000000800000000)
  eden space 849408K, 0% used [0x00000007acc00000,0x00000007acc00000,0x00000007e0980000)
  from space 244224K, 27% used [0x00000007e0980000,0x00000007e4a023d8,0x00000007ef800000)
  to   space 239104K, 0% used [0x00000007f1600000,0x00000007f1600000,0x00000007fff80000)
 ParOldGen       total 1107456K, used 1081855K [0x0000000706400000, 0x0000000749d80000, 0x00000007acc00000)
  object space 1107456K, 97% used [0x0000000706400000,0x000000074847fe10,0x0000000749d80000)
 PSPermGen       total 21504K, used 5917K [0x00000006fbe00000, 0x00000006fd300000, 0x0000000706400000)
  object space 21504K, 27% used [0x00000006fbe00000,0x00000006fc3c7788,0x00000006fd300000)
}
Event: 519.177 GC heap before
{Heap before GC invocations=124 (full 5):
 PSYoungGen      total 1093632K, used 66056K [0x00000007acc00000, 0x00000007fff80000, 0x0000000800000000)
  eden space 849408K, 0% used [0x00000007acc00000,0x00000007acc00000,0x00000007e0980000)
  from space 244224K, 27% used [0x00000007e0980000,0x00000007e4a023d8,0x00000007ef800000)
  to   space 239104K, 0% used [0x00000007f1600000,0x00000007f1600000,0x00000007fff80000)
 ParOldGen       total 1107456K, used 1081855K [0x0000000706400000, 0x0000000749d80000, 0x00000007acc00000)
  object space 1107456K, 97% used [0x0000000706400000,0x000000074847fe10,0x0000000749d80000)
 PSPermGen       total 21504K, used 5917K [0x00000006fbe00000, 0x00000006fd300000, 0x0000000706400000)
  object space 21504K, 27% used [0x00000006fbe00000,0x00000006fc3c7788,0x00000006fd300000)

