# JRE version: OpenJDK Runtime Environment (7.0_79-b14) (build 1.7.0_79-b14)
# Java VM: OpenJDK 64-Bit Server VM (24.79-b02 mixed mode linux-amd64 compressed oops)
Heap
 PSYoungGen      total 425984K, used 20944K [0x00000007acc00000, 0x00000007c9400000, 0x0000000800000000)
  eden space 396288K, 0% used [0x00000007acc00000,0x00000007acc00000,0x00000007c4f00000)
  from space 29696K, 70% used [0x00000007c4f00000,0x00000007c6374090,0x00000007c6c00000)
  to   space 30208K, 0% used [0x00000007c6c00000,0x00000007c6c00000,0x00000007c8980000)
 ParOldGen       total 2155520K, used 2096819K [0x0000000706400000, 0x0000000789d00000, 0x00000007acc00000)
  object space 2155520K, 97% used [0x0000000706400000,0x00000007863acf00,0x0000000789d00000)
 PSPermGen       total 21504K, used 6159K [0x00000006fbe00000, 0x00000006fd300000, 0x0000000706400000)
  object space 21504K, 28% used [0x00000006fbe00000,0x00000006fc403ea8,0x00000006fd300000)
GC Heap History (10 events):
Event: 7884.590 GC heap after
Heap after GC invocations=869 (full 7):
 PSYoungGen      total 354816K, used 10576K [0x00000007acc00000, 0x00000007c4900000, 0x0000000800000000)
  eden space 326656K, 0% used [0x00000007acc00000,0x00000007acc00000,0x00000007c0b00000)
  from space 28160K, 37% used [0x00000007c2d80000,0x00000007c37d4010,0x00000007c4900000)
  to   space 31744K, 0% used [0x00000007c0b00000,0x00000007c0b00000,0x00000007c2a00000)
 ParOldGen       total 2155520K, used 2096819K [0x0000000706400000, 0x0000000789d00000, 0x00000007acc00000)
  object space 2155520K, 97% used [0x0000000706400000,0x00000007863acf00,0x0000000789d00000)
 PSPermGen       total 21504K, used 6159K [0x00000006fbe00000, 0x00000006fd300000, 0x0000000706400000)
  object space 21504K, 28% used [0x00000006fbe00000,0x00000006fc403ea8,0x00000006fd300000)
}
Event: 7893.353 GC heap before
{Heap before GC invocations=870 (full 7):
 PSYoungGen      total 354816K, used 337232K [0x00000007acc00000, 0x00000007c4900000, 0x0000000800000000)
  eden space 326656K, 100% used [0x00000007acc00000,0x00000007c0b00000,0x00000007c0b00000)
  from space 28160K, 37% used [0x00000007c2d80000,0x00000007c37d4010,0x00000007c4900000)
  to   space 31744K, 0% used [0x00000007c0b00000,0x00000007c0b00000,0x00000007c2a00000)
 ParOldGen       total 2155520K, used 2096819K [0x0000000706400000, 0x0000000789d00000, 0x00000007acc00000)
  object space 2155520K, 97% used [0x0000000706400000,0x00000007863acf00,0x0000000789d00000)
 PSPermGen       total 21504K, used 6159K [0x00000006fbe00000, 0x00000006fd300000, 0x0000000706400000)
  object space 21504K, 28% used [0x00000006fbe00000,0x00000006fc403ea8,0x00000006fd300000)
Event: 7893.428 GC heap after
Heap after GC invocations=870 (full 7):
 PSYoungGen      total 358400K, used 9424K [0x00000007acc00000, 0x00000007c6600000, 0x0000000800000000)
  eden space 326656K, 0% used [0x00000007acc00000,0x00000007acc00000,0x00000007c0b00000)
  from space 31744K, 29% used [0x00000007c0b00000,0x00000007c1434010,0x00000007c2a00000)
  to   space 30720K, 0% used [0x00000007c4800000,0x00000007c4800000,0x00000007c6600000)
 ParOldGen       total 2155520K, used 2096819K [0x0000000706400000, 0x0000000789d00000, 0x00000007acc00000)
  object space 2155520K, 97% used [0x0000000706400000,0x00000007863acf00,0x0000000789d00000)
 PSPermGen       total 21504K, used 6159K [0x00000006fbe00000, 0x00000006fd300000, 0x0000000706400000)
  object space 21504K, 28% used [0x00000006fbe00000,0x00000006fc403ea8,0x00000006fd300000)
}
Event: 7903.056 GC heap before
{Heap before GC invocations=871 (full 7):
 PSYoungGen      total 358400K, used 336080K [0x00000007acc00000, 0x00000007c6600000, 0x0000000800000000)
  eden space 326656K, 100% used [0x00000007acc00000,0x00000007c0b00000,0x00000007c0b00000)
  from space 31744K, 29% used [0x00000007c0b00000,0x00000007c1434010,0x00000007c2a00000)
  to   space 30720K, 0% used [0x00000007c4800000,0x00000007c4800000,0x00000007c6600000)
 ParOldGen       total 2155520K, used 2096819K [0x0000000706400000, 0x0000000789d00000, 0x00000007acc00000)
  object space 2155520K, 97% used [0x0000000706400000,0x00000007863acf00,0x0000000789d00000)
 PSPermGen       total 21504K, used 6159K [0x00000006fbe00000, 0x00000006fd300000, 0x0000000706400000)
  object space 21504K, 28% used [0x00000006fbe00000,0x00000006fc403ea8,0x00000006fd300000)
Event: 7903.160 GC heap after
Heap after GC invocations=871 (full 7):
 PSYoungGen      total 386048K, used 10960K [0x00000007acc00000, 0x00000007c6380000, 0x0000000800000000)
  eden space 357888K, 0% used [0x00000007acc00000,0x00000007acc00000,0x00000007c2980000)
  from space 28160K, 38% used [0x00000007c4800000,0x00000007c52b4010,0x00000007c6380000)
  to   space 29696K, 0% used [0x00000007c2980000,0x00000007c2980000,0x00000007c4680000)
 ParOldGen       total 2155520K, used 2096819K [0x0000000706400000, 0x0000000789d00000, 0x00000007acc00000)
  object space 2155520K, 97% used [0x0000000706400000,0x00000007863acf00,0x0000000789d00000)
 PSPermGen       total 21504K, used 6159K [0x00000006fbe00000, 0x00000006fd300000, 0x0000000706400000)
  object space 21504K, 28% used [0x00000006fbe00000,0x00000006fc403ea8,0x00000006fd300000)
}
Event: 7912.128 GC heap before
{Heap before GC invocations=872 (full 7):
 PSYoungGen      total 386048K, used 368848K [0x00000007acc00000, 0x00000007c6380000, 0x0000000800000000)
  eden space 357888K, 100% used [0x00000007acc00000,0x00000007c2980000,0x00000007c2980000)
  from space 28160K, 38% used [0x00000007c4800000,0x00000007c52b4010,0x00000007c6380000)
  to   space 29696K, 0% used [0x00000007c2980000,0x00000007c2980000,0x00000007c4680000)
 ParOldGen       total 2155520K, used 2096819K [0x0000000706400000, 0x0000000789d00000, 0x00000007acc00000)
  object space 2155520K, 97% used [0x0000000706400000,0x00000007863acf00,0x0000000789d00000)
 PSPermGen       total 21504K, used 6159K [0x00000006fbe00000, 0x00000006fd300000, 0x0000000706400000)
  object space 21504K, 28% used [0x00000006fbe00000,0x00000006fc403ea8,0x00000006fd300000)
Event: 7912.309 GC heap after
Heap after GC invocations=872 (full 7):
 PSYoungGen      total 387584K, used 19424K [0x00000007acc00000, 0x00000007c8980000, 0x0000000800000000)
  eden space 357888K, 0% used [0x00000007acc00000,0x00000007acc00000,0x00000007c2980000)
  from space 29696K, 65% used [0x00000007c2980000,0x00000007c3c78000,0x00000007c4680000)
  to   space 30208K, 0% used [0x00000007c6c00000,0x00000007c6c00000,0x00000007c8980000)
 ParOldGen       total 2155520K, used 2096819K [0x0000000706400000, 0x0000000789d00000, 0x00000007acc00000)
  object space 2155520K, 97% used [0x0000000706400000,0x00000007863acf00,0x0000000789d00000)
 PSPermGen       total 21504K, used 6159K [0x00000006fbe00000, 0x00000006fd300000, 0x0000000706400000)
  object space 21504K, 28% used [0x00000006fbe00000,0x00000006fc403ea8,0x00000006fd300000)
}
Event: 7925.522 GC heap before
{Heap before GC invocations=873 (full 7):
 PSYoungGen      total 387584K, used 377312K [0x00000007acc00000, 0x00000007c8980000, 0x0000000800000000)
  eden space 357888K, 100% used [0x00000007acc00000,0x00000007c2980000,0x00000007c2980000)
  from space 29696K, 65% used [0x00000007c2980000,0x00000007c3c78000,0x00000007c4680000)
  to   space 30208K, 0% used [0x00000007c6c00000,0x00000007c6c00000,0x00000007c8980000)
 ParOldGen       total 2155520K, used 2096819K [0x0000000706400000, 0x0000000789d00000, 0x00000007acc00000)
  object space 2155520K, 97% used [0x0000000706400000,0x00000007863acf00,0x0000000789d00000)
 PSPermGen       total 21504K, used 6159K [0x00000006fbe00000, 0x00000006fd300000, 0x0000000706400000)
  object space 21504K, 28% used [0x00000006fbe00000,0x00000006fc403ea8,0x00000006fd300000)
Event: 7926.450 GC heap after
Heap after GC invocations=873 (full 7):
 PSYoungGen      total 426496K, used 8976K [0x00000007acc00000, 0x00000007c9400000, 0x0000000800000000)
  eden space 396288K, 0% used [0x00000007acc00000,0x00000007acc00000,0x00000007c4f00000)
  from space 30208K, 29% used [0x00000007c6c00000,0x00000007c74c4010,0x00000007c8980000)
  to   space 29696K, 0% used [0x00000007c4f00000,0x00000007c4f00000,0x00000007c6c00000)
 ParOldGen       total 2155520K, used 2096819K [0x0000000706400000, 0x0000000789d00000, 0x00000007acc00000)
  object space 2155520K, 97% used [0x0000000706400000,0x00000007863acf00,0x0000000789d00000)
 PSPermGen       total 21504K, used 6159K [0x00000006fbe00000, 0x00000006fd300000, 0x0000000706400000)
  object space 21504K, 28% used [0x00000006fbe00000,0x00000006fc403ea8,0x00000006fd300000)
}
Event: 7934.678 GC heap before
{Heap before GC invocations=874 (full 7):
 PSYoungGen      total 426496K, used 405264K [0x00000007acc00000, 0x00000007c9400000, 0x0000000800000000)
  eden space 396288K, 100% used [0x00000007acc00000,0x00000007c4f00000,0x00000007c4f00000)
  from space 30208K, 29% used [0x00000007c6c00000,0x00000007c74c4010,0x00000007c8980000)
  to   space 29696K, 0% used [0x00000007c4f00000,0x00000007c4f00000,0x00000007c6c00000)
 ParOldGen       total 2155520K, used 2096819K [0x0000000706400000, 0x0000000789d00000, 0x00000007acc00000)
  object space 2155520K, 97% used [0x0000000706400000,0x00000007863acf00,0x0000000789d00000)
 PSPermGen       total 21504K, used 6159K [0x00000006fbe00000, 0x00000006fd300000, 0x0000000706400000)
  object space 21504K, 28% used [0x00000006fbe00000,0x00000006fc403ea8,0x00000006fd300000)

