# JRE version: OpenJDK Runtime Environment (7.0_79-b14) (build 1.7.0_79-b14)
# Java VM: OpenJDK 64-Bit Server VM (24.79-b02 mixed mode linux-amd64 compressed oops)
Heap
 PSYoungGen      total 549888K, used 4936K [0x00000007acc00000, 0x00000007d0200000, 0x0000000800000000)
  eden space 520192K, 0% used [0x00000007acc00000,0x00000007acc00000,0x00000007cc800000)
  from space 29696K, 16% used [0x00000007cc800000,0x00000007cccd2218,0x00000007ce500000)
  to   space 29184K, 0% used [0x00000007ce580000,0x00000007ce580000,0x00000007d0200000)
 ParOldGen       total 170496K, used 36947K [0x0000000706400000, 0x0000000710a80000, 0x00000007acc00000)
  object space 170496K, 21% used [0x0000000706400000,0x0000000708814c20,0x0000000710a80000)
 PSPermGen       total 21504K, used 9210K [0x00000006fbe00000, 0x00000006fd300000, 0x0000000706400000)
  object space 21504K, 42% used [0x00000006fbe00000,0x00000006fc6fea20,0x00000006fd300000)
GC Heap History (10 events):
Event: 4.677 GC heap after
Heap after GC invocations=2 (full 0):
 PSYoungGen      total 140288K, used 10228K [0x00000007acc00000, 0x00000007b5f00000, 0x0000000800000000)
  eden space 130048K, 0% used [0x00000007acc00000,0x00000007acc00000,0x00000007b4b00000)
  from space 10240K, 99% used [0x00000007b5500000,0x00000007b5efd0a0,0x00000007b5f00000)
  to   space 10240K, 0% used [0x00000007b4b00000,0x00000007b4b00000,0x00000007b5500000)
 ParOldGen       total 170496K, used 24912K [0x0000000706400000, 0x0000000710a80000, 0x00000007acc00000)
  object space 170496K, 14% used [0x0000000706400000,0x0000000707c54360,0x0000000710a80000)
 PSPermGen       total 21504K, used 6223K [0x00000006fbe00000, 0x00000006fd300000, 0x0000000706400000)
  object space 21504K, 28% used [0x00000006fbe00000,0x00000006fc413de0,0x00000006fd300000)
}
Event: 52.328 GC heap before
{Heap before GC invocations=3 (full 0):
 PSYoungGen      total 140288K, used 140276K [0x00000007acc00000, 0x00000007b5f00000, 0x0000000800000000)
  eden space 130048K, 100% used [0x00000007acc00000,0x00000007b4b00000,0x00000007b4b00000)
  from space 10240K, 99% used [0x00000007b5500000,0x00000007b5efd0a0,0x00000007b5f00000)
  to   space 10240K, 0% used [0x00000007b4b00000,0x00000007b4b00000,0x00000007b5500000)
 ParOldGen       total 170496K, used 24912K [0x0000000706400000, 0x0000000710a80000, 0x00000007acc00000)
  object space 170496K, 14% used [0x0000000706400000,0x0000000707c54360,0x0000000710a80000)
 PSPermGen       total 21504K, used 9184K [0x00000006fbe00000, 0x00000006fd300000, 0x0000000706400000)
  object space 21504K, 42% used [0x00000006fbe00000,0x00000006fc6f8358,0x00000006fd300000)
Event: 52.405 GC heap after
Heap after GC invocations=3 (full 0):
 PSYoungGen      total 140288K, used 10232K [0x00000007acc00000, 0x00000007bde00000, 0x0000000800000000)
  eden space 130048K, 0% used [0x00000007acc00000,0x00000007acc00000,0x00000007b4b00000)
  from space 10240K, 99% used [0x00000007b4b00000,0x00000007b54fe238,0x00000007b5500000)
  to   space 10240K, 0% used [0x00000007bd400000,0x00000007bd400000,0x00000007bde00000)
 ParOldGen       total 170496K, used 31578K [0x0000000706400000, 0x0000000710a80000, 0x00000007acc00000)
  object space 170496K, 18% used [0x0000000706400000,0x00000007082d6bc0,0x0000000710a80000)
 PSPermGen       total 21504K, used 9184K [0x00000006fbe00000, 0x00000006fd300000, 0x0000000706400000)
  object space 21504K, 42% used [0x00000006fbe00000,0x00000006fc6f8358,0x00000006fd300000)
}
Event: 53.055 GC heap before
{Heap before GC invocations=4 (full 0):
 PSYoungGen      total 140288K, used 140280K [0x00000007acc00000, 0x00000007bde00000, 0x0000000800000000)
  eden space 130048K, 100% used [0x00000007acc00000,0x00000007b4b00000,0x00000007b4b00000)
  from space 10240K, 99% used [0x00000007b4b00000,0x00000007b54fe238,0x00000007b5500000)
  to   space 10240K, 0% used [0x00000007bd400000,0x00000007bd400000,0x00000007bde00000)
 ParOldGen       total 170496K, used 31578K [0x0000000706400000, 0x0000000710a80000, 0x00000007acc00000)
  object space 170496K, 18% used [0x0000000706400000,0x00000007082d6bc0,0x0000000710a80000)
 PSPermGen       total 21504K, used 9188K [0x00000006fbe00000, 0x00000006fd300000, 0x0000000706400000)
  object space 21504K, 42% used [0x00000006fbe00000,0x00000006fc6f9388,0x00000006fd300000)
Event: 53.138 GC heap after
Heap after GC invocations=4 (full 0):
 PSYoungGen      total 270336K, used 10216K [0x00000007acc00000, 0x00000007bde00000, 0x0000000800000000)
  eden space 260096K, 0% used [0x00000007acc00000,0x00000007acc00000,0x00000007bca00000)
  from space 10240K, 99% used [0x00000007bd400000,0x00000007bddfa228,0x00000007bde00000)
  to   space 10240K, 0% used [0x00000007bca00000,0x00000007bca00000,0x00000007bd400000)
 ParOldGen       total 170496K, used 31666K [0x0000000706400000, 0x0000000710a80000, 0x00000007acc00000)
  object space 170496K, 18% used [0x0000000706400000,0x00000007082ecbc0,0x0000000710a80000)
 PSPermGen       total 21504K, used 9188K [0x00000006fbe00000, 0x00000006fd300000, 0x0000000706400000)
  object space 21504K, 42% used [0x00000006fbe00000,0x00000006fc6f9388,0x00000006fd300000)
}
Event: 54.305 GC heap before
{Heap before GC invocations=5 (full 0):
 PSYoungGen      total 270336K, used 270312K [0x00000007acc00000, 0x00000007bde00000, 0x0000000800000000)
  eden space 260096K, 100% used [0x00000007acc00000,0x00000007bca00000,0x00000007bca00000)
  from space 10240K, 99% used [0x00000007bd400000,0x00000007bddfa228,0x00000007bde00000)
  to   space 10240K, 0% used [0x00000007bca00000,0x00000007bca00000,0x00000007bd400000)
 ParOldGen       total 170496K, used 31666K [0x0000000706400000, 0x0000000710a80000, 0x00000007acc00000)
  object space 170496K, 18% used [0x0000000706400000,0x00000007082ecbc0,0x0000000710a80000)
 PSPermGen       total 21504K, used 9192K [0x00000006fbe00000, 0x00000006fd300000, 0x0000000706400000)
  object space 21504K, 42% used [0x00000006fbe00000,0x00000006fc6fa210,0x00000006fd300000)
Event: 54.399 GC heap after
Heap after GC invocations=5 (full 0):
 PSYoungGen      total 270336K, used 10216K [0x00000007acc00000, 0x00000007d0300000, 0x0000000800000000)
  eden space 260096K, 0% used [0x00000007acc00000,0x00000007acc00000,0x00000007bca00000)
  from space 10240K, 99% used [0x00000007bca00000,0x00000007bd3fa248,0x00000007bd400000)
  to   space 30208K, 0% used [0x00000007ce580000,0x00000007ce580000,0x00000007d0300000)
 ParOldGen       total 170496K, used 31666K [0x0000000706400000, 0x0000000710a80000, 0x00000007acc00000)
  object space 170496K, 18% used [0x0000000706400000,0x00000007082ecbc0,0x0000000710a80000)
 PSPermGen       total 21504K, used 9192K [0x00000006fbe00000, 0x00000006fd300000, 0x0000000706400000)
  object space 21504K, 42% used [0x00000006fbe00000,0x00000006fc6fa210,0x00000006fd300000)
}
Event: 55.429 GC heap before
{Heap before GC invocations=6 (full 0):
 PSYoungGen      total 270336K, used 270312K [0x00000007acc00000, 0x00000007d0300000, 0x0000000800000000)
  eden space 260096K, 100% used [0x00000007acc00000,0x00000007bca00000,0x00000007bca00000)
  from space 10240K, 99% used [0x00000007bca00000,0x00000007bd3fa248,0x00000007bd400000)
  to   space 30208K, 0% used [0x00000007ce580000,0x00000007ce580000,0x00000007d0300000)
 ParOldGen       total 170496K, used 31666K [0x0000000706400000, 0x0000000710a80000, 0x00000007acc00000)
  object space 170496K, 18% used [0x0000000706400000,0x00000007082ecbc0,0x0000000710a80000)
 PSPermGen       total 21504K, used 9194K [0x00000006fbe00000, 0x00000006fd300000, 0x0000000706400000)
  object space 21504K, 42% used [0x00000006fbe00000,0x00000006fc6fa9f0,0x00000006fd300000)
Event: 55.477 GC heap after
Heap after GC invocations=6 (full 0):
 PSYoungGen      total 549376K, used 10216K [0x00000007acc00000, 0x00000007d0200000, 0x0000000800000000)
  eden space 520192K, 0% used [0x00000007acc00000,0x00000007acc00000,0x00000007cc800000)
  from space 29184K, 35% used [0x00000007ce580000,0x00000007cef7a228,0x00000007d0200000)
  to   space 29696K, 0% used [0x00000007cc800000,0x00000007cc800000,0x00000007ce500000)
 ParOldGen       total 170496K, used 31674K [0x0000000706400000, 0x0000000710a80000, 0x00000007acc00000)
  object space 170496K, 18% used [0x0000000706400000,0x00000007082eebc0,0x0000000710a80000)
 PSPermGen       total 21504K, used 9194K [0x00000006fbe00000, 0x00000006fd300000, 0x0000000706400000)
  object space 21504K, 42% used [0x00000006fbe00000,0x00000006fc6fa9f0,0x00000006fd300000)
}
Event: 57.856 GC heap before
{Heap before GC invocations=7 (full 0):
 PSYoungGen      total 549376K, used 530408K [0x00000007acc00000, 0x00000007d0200000, 0x0000000800000000)
  eden space 520192K, 100% used [0x00000007acc00000,0x00000007cc800000,0x00000007cc800000)
  from space 29184K, 35% used [0x00000007ce580000,0x00000007cef7a228,0x00000007d0200000)
  to   space 29696K, 0% used [0x00000007cc800000,0x00000007cc800000,0x00000007ce500000)
 ParOldGen       total 170496K, used 31674K [0x0000000706400000, 0x0000000710a80000, 0x00000007acc00000)
  object space 170496K, 18% used [0x0000000706400000,0x00000007082eebc0,0x0000000710a80000)
 PSPermGen       total 21504K, used 9210K [0x00000006fbe00000, 0x00000006fd300000, 0x0000000706400000)
  object space 21504K, 42% used [0x00000006fbe00000,0x00000006fc6fea20,0x00000006fd300000)

