# JRE version: OpenJDK Runtime Environment (7.0_79-b14) (build 1.7.0_79-b14)
# Java VM: OpenJDK 64-Bit Server VM (24.79-b02 mixed mode linux-amd64 compressed oops)
Heap
 PSYoungGen      total 549376K, used 5176K [0x00000007acc00000, 0x00000007d0100000, 0x0000000800000000)
  eden space 520192K, 0% used [0x00000007acc00000,0x00000007acc00000,0x00000007cc800000)
  from space 29184K, 17% used [0x00000007cc800000,0x00000007ccd0e238,0x00000007ce480000)
  to   space 28160K, 0% used [0x00000007ce580000,0x00000007ce580000,0x00000007d0100000)
 ParOldGen       total 170496K, used 35495K [0x0000000706400000, 0x0000000710a80000, 0x00000007acc00000)
  object space 170496K, 20% used [0x0000000706400000,0x00000007086a9e38,0x0000000710a80000)
 PSPermGen       total 21504K, used 9214K [0x00000006fbe00000, 0x00000006fd300000, 0x0000000706400000)
  object space 21504K, 42% used [0x00000006fbe00000,0x00000006fc6ff9f0,0x00000006fd300000)
GC Heap History (10 events):
Event: 5.191 GC heap after
Heap after GC invocations=2 (full 0):
 PSYoungGen      total 140288K, used 10212K [0x00000007acc00000, 0x00000007b5f00000, 0x0000000800000000)
  eden space 130048K, 0% used [0x00000007acc00000,0x00000007acc00000,0x00000007b4b00000)
  from space 10240K, 99% used [0x00000007b5500000,0x00000007b5ef9070,0x00000007b5f00000)
  to   space 10240K, 0% used [0x00000007b4b00000,0x00000007b4b00000,0x00000007b5500000)
 ParOldGen       total 170496K, used 24672K [0x0000000706400000, 0x0000000710a80000, 0x00000007acc00000)
  object space 170496K, 14% used [0x0000000706400000,0x0000000707c180c8,0x0000000710a80000)
 PSPermGen       total 21504K, used 6223K [0x00000006fbe00000, 0x00000006fd300000, 0x0000000706400000)
  object space 21504K, 28% used [0x00000006fbe00000,0x00000006fc413de0,0x00000006fd300000)
}
Event: 175.595 GC heap before
{Heap before GC invocations=3 (full 0):
 PSYoungGen      total 140288K, used 140260K [0x00000007acc00000, 0x00000007b5f00000, 0x0000000800000000)
  eden space 130048K, 100% used [0x00000007acc00000,0x00000007b4b00000,0x00000007b4b00000)
  from space 10240K, 99% used [0x00000007b5500000,0x00000007b5ef9070,0x00000007b5f00000)
  to   space 10240K, 0% used [0x00000007b4b00000,0x00000007b4b00000,0x00000007b5500000)
 ParOldGen       total 170496K, used 24672K [0x0000000706400000, 0x0000000710a80000, 0x00000007acc00000)
  object space 170496K, 14% used [0x0000000706400000,0x0000000707c180c8,0x0000000710a80000)
 PSPermGen       total 21504K, used 9188K [0x00000006fbe00000, 0x00000006fd300000, 0x0000000706400000)
  object space 21504K, 42% used [0x00000006fbe00000,0x00000006fc6f93e0,0x00000006fd300000)
Event: 175.679 GC heap after
Heap after GC invocations=3 (full 0):
 PSYoungGen      total 140288K, used 10233K [0x00000007acc00000, 0x00000007bde00000, 0x0000000800000000)
  eden space 130048K, 0% used [0x00000007acc00000,0x00000007acc00000,0x00000007b4b00000)
  from space 10240K, 99% used [0x00000007b4b00000,0x00000007b54fe510,0x00000007b5500000)
  to   space 10240K, 0% used [0x00000007bd400000,0x00000007bd400000,0x00000007bde00000)
 ParOldGen       total 170496K, used 30302K [0x0000000706400000, 0x0000000710a80000, 0x00000007acc00000)
  object space 170496K, 17% used [0x0000000706400000,0x0000000708197b00,0x0000000710a80000)
 PSPermGen       total 21504K, used 9188K [0x00000006fbe00000, 0x00000006fd300000, 0x0000000706400000)
  object space 21504K, 42% used [0x00000006fbe00000,0x00000006fc6f93e0,0x00000006fd300000)
}
Event: 176.732 GC heap before
{Heap before GC invocations=4 (full 0):
 PSYoungGen      total 140288K, used 140281K [0x00000007acc00000, 0x00000007bde00000, 0x0000000800000000)
  eden space 130048K, 100% used [0x00000007acc00000,0x00000007b4b00000,0x00000007b4b00000)
  from space 10240K, 99% used [0x00000007b4b00000,0x00000007b54fe510,0x00000007b5500000)
  to   space 10240K, 0% used [0x00000007bd400000,0x00000007bd400000,0x00000007bde00000)
 ParOldGen       total 170496K, used 30302K [0x0000000706400000, 0x0000000710a80000, 0x00000007acc00000)
  object space 170496K, 17% used [0x0000000706400000,0x0000000708197b00,0x0000000710a80000)
 PSPermGen       total 21504K, used 9193K [0x00000006fbe00000, 0x00000006fd300000, 0x0000000706400000)
  object space 21504K, 42% used [0x00000006fbe00000,0x00000006fc6fa5c0,0x00000006fd300000)
Event: 176.791 GC heap after
Heap after GC invocations=4 (full 0):
 PSYoungGen      total 270336K, used 10232K [0x00000007acc00000, 0x00000007bde00000, 0x0000000800000000)
  eden space 260096K, 0% used [0x00000007acc00000,0x00000007acc00000,0x00000007bca00000)
  from space 10240K, 99% used [0x00000007bd400000,0x00000007bddfe248,0x00000007bde00000)
  to   space 10240K, 0% used [0x00000007bca00000,0x00000007bca00000,0x00000007bd400000)
 ParOldGen       total 170496K, used 30350K [0x0000000706400000, 0x0000000710a80000, 0x00000007acc00000)
  object space 170496K, 17% used [0x0000000706400000,0x00000007081a3b00,0x0000000710a80000)
 PSPermGen       total 21504K, used 9193K [0x00000006fbe00000, 0x00000006fd300000, 0x0000000706400000)
  object space 21504K, 42% used [0x00000006fbe00000,0x00000006fc6fa5c0,0x00000006fd300000)
}
Event: 179.100 GC heap before
{Heap before GC invocations=5 (full 0):
 PSYoungGen      total 270336K, used 270328K [0x00000007acc00000, 0x00000007bde00000, 0x0000000800000000)
  eden space 260096K, 100% used [0x00000007acc00000,0x00000007bca00000,0x00000007bca00000)
  from space 10240K, 99% used [0x00000007bd400000,0x00000007bddfe248,0x00000007bde00000)
  to   space 10240K, 0% used [0x00000007bca00000,0x00000007bca00000,0x00000007bd400000)
 ParOldGen       total 170496K, used 30350K [0x0000000706400000, 0x0000000710a80000, 0x00000007acc00000)
  object space 170496K, 17% used [0x0000000706400000,0x00000007081a3b00,0x0000000710a80000)
 PSPermGen       total 21504K, used 9195K [0x00000006fbe00000, 0x00000006fd300000, 0x0000000706400000)
  object space 21504K, 42% used [0x00000006fbe00000,0x00000006fc6fae88,0x00000006fd300000)
Event: 179.155 GC heap after
Heap after GC invocations=5 (full 0):
 PSYoungGen      total 270336K, used 10216K [0x00000007acc00000, 0x00000007d0300000, 0x0000000800000000)
  eden space 260096K, 0% used [0x00000007acc00000,0x00000007acc00000,0x00000007bca00000)
  from space 10240K, 99% used [0x00000007bca00000,0x00000007bd3fa258,0x00000007bd400000)
  to   space 30208K, 0% used [0x00000007ce580000,0x00000007ce580000,0x00000007d0300000)
 ParOldGen       total 170496K, used 30406K [0x0000000706400000, 0x0000000710a80000, 0x00000007acc00000)
  object space 170496K, 17% used [0x0000000706400000,0x00000007081b1b00,0x0000000710a80000)
 PSPermGen       total 21504K, used 9195K [0x00000006fbe00000, 0x00000006fd300000, 0x0000000706400000)
  object space 21504K, 42% used [0x00000006fbe00000,0x00000006fc6fae88,0x00000006fd300000)
}
Event: 180.974 GC heap before
{Heap before GC invocations=6 (full 0):
 PSYoungGen      total 270336K, used 270312K [0x00000007acc00000, 0x00000007d0300000, 0x0000000800000000)
  eden space 260096K, 100% used [0x00000007acc00000,0x00000007bca00000,0x00000007bca00000)
  from space 10240K, 99% used [0x00000007bca00000,0x00000007bd3fa258,0x00000007bd400000)
  to   space 30208K, 0% used [0x00000007ce580000,0x00000007ce580000,0x00000007d0300000)
 ParOldGen       total 170496K, used 30406K [0x0000000706400000, 0x0000000710a80000, 0x00000007acc00000)
  object space 170496K, 17% used [0x0000000706400000,0x00000007081b1b00,0x0000000710a80000)
 PSPermGen       total 21504K, used 9197K [0x00000006fbe00000, 0x00000006fd300000, 0x0000000706400000)
  object space 21504K, 42% used [0x00000006fbe00000,0x00000006fc6fb7e8,0x00000006fd300000)
Event: 181.026 GC heap after
Heap after GC invocations=6 (full 0):
 PSYoungGen      total 548352K, used 10280K [0x00000007acc00000, 0x00000007d0100000, 0x0000000800000000)
  eden space 520192K, 0% used [0x00000007acc00000,0x00000007acc00000,0x00000007cc800000)
  from space 28160K, 36% used [0x00000007ce580000,0x00000007cef8a238,0x00000007d0100000)
  to   space 29184K, 0% used [0x00000007cc800000,0x00000007cc800000,0x00000007ce480000)
 ParOldGen       total 170496K, used 30414K [0x0000000706400000, 0x0000000710a80000, 0x00000007acc00000)
  object space 170496K, 17% used [0x0000000706400000,0x00000007081b3b00,0x0000000710a80000)
 PSPermGen       total 21504K, used 9197K [0x00000006fbe00000, 0x00000006fd300000, 0x0000000706400000)
  object space 21504K, 42% used [0x00000006fbe00000,0x00000006fc6fb7e8,0x00000006fd300000)
}
Event: 185.561 GC heap before
{Heap before GC invocations=7 (full 0):
 PSYoungGen      total 548352K, used 530472K [0x00000007acc00000, 0x00000007d0100000, 0x0000000800000000)
  eden space 520192K, 100% used [0x00000007acc00000,0x00000007cc800000,0x00000007cc800000)
  from space 28160K, 36% used [0x00000007ce580000,0x00000007cef8a238,0x00000007d0100000)
  to   space 29184K, 0% used [0x00000007cc800000,0x00000007cc800000,0x00000007ce480000)
 ParOldGen       total 170496K, used 30414K [0x0000000706400000, 0x0000000710a80000, 0x00000007acc00000)
  object space 170496K, 17% used [0x0000000706400000,0x00000007081b3b00,0x0000000710a80000)
 PSPermGen       total 21504K, used 9214K [0x00000006fbe00000, 0x00000006fd300000, 0x0000000706400000)
  object space 21504K, 42% used [0x00000006fbe00000,0x00000006fc6ff9f0,0x00000006fd300000)

